# JRE version: Java(TM) SE Runtime Environment (8.0_92-b14) (build 1.8.0_92-b14)
# Java VM: Java HotSpot(TM) Client VM (25.92-b14 mixed mode windows-x86 )
Heap:
 def new generation   total 39424K, used 12744K [0x05600000, 0x080c0000, 0x100a0000)
  eden space 35072K,  35% used [0x05600000, 0x0620a460, 0x07840000)
  from space 4352K,   9% used [0x07840000, 0x078a7e40, 0x07c80000)
  to   space 4352K,   0% used [0x07c80000, 0x07c80000, 0x080c0000)
 tenured generation   total 87424K, used 52386K [0x100a0000, 0x15600000, 0x25600000)
   the space 87424K,  59% used [0x100a0000, 0x133c8a30, 0x133c8c00, 0x15600000)
 Metaspace       used 19038K, capacity 19512K, committed 19584K, reserved 19840K
GC Heap History (10 events):
Event: 3962.446 GC heap before
{Heap before GC invocations=8 (full 1):
 def new generation   total 39424K, used 35303K [0x05600000, 0x080c0000, 0x100a0000)
  eden space 35072K, 100% used [0x05600000, 0x07840000, 0x07840000)
  from space 4352K,   5% used [0x07c80000, 0x07cb9f20, 0x080c0000)
  to   space 4352K,   0% used [0x07840000, 0x07840000, 0x07c80000)
 tenured generation   total 87424K, used 41063K [0x100a0000, 0x15600000, 0x25600000)
   the space 87424K,  46% used [0x100a0000, 0x128b9f60, 0x128ba000, 0x15600000)
 Metaspace       used 18568K, capacity 19027K, committed 19072K, reserved 19840K
Event: 3962.449 GC heap after
Heap after GC invocations=9 (full 1):
 def new generation   total 39424K, used 502K [0x05600000, 0x080c0000, 0x100a0000)
  eden space 35072K,   0% used [0x05600000, 0x05600000, 0x07840000)
  from space 4352K,  11% used [0x07840000, 0x078bd910, 0x07c80000)
  to   space 4352K,   0% used [0x07c80000, 0x07c80000, 0x080c0000)
 tenured generation   total 87424K, used 41063K [0x100a0000, 0x15600000, 0x25600000)
   the space 87424K,  46% used [0x100a0000, 0x128b9f60, 0x128ba000, 0x15600000)
 Metaspace       used 18568K, capacity 19027K, committed 19072K, reserved 19840K
}
Event: 6597.279 GC heap before
{Heap before GC invocations=9 (full 1):
 def new generation   total 39424K, used 35301K [0x05600000, 0x080c0000, 0x100a0000)
  eden space 35072K,  99% used [0x05600000, 0x077fbda0, 0x07840000)
  from space 4352K,  11% used [0x07840000, 0x078bd910, 0x07c80000)
  to   space 4352K,   0% used [0x07c80000, 0x07c80000, 0x080c0000)
 tenured generation   total 87424K, used 41063K [0x100a0000, 0x15600000, 0x25600000)
   the space 87424K,  46% used [0x100a0000, 0x128b9f60, 0x128ba000, 0x15600000)
 Metaspace       used 18568K, capacity 19027K, committed 19072K, reserved 19840K
Event: 6597.286 GC heap after
Heap after GC invocations=10 (full 1):
 def new generation   total 39424K, used 330K [0x05600000, 0x080c0000, 0x100a0000)
  eden space 35072K,   0% used [0x05600000, 0x05600000, 0x07840000)
  from space 4352K,   7% used [0x07c80000, 0x07cd2b98, 0x080c0000)
  to   space 4352K,   0% used [0x07840000, 0x07840000, 0x07c80000)
 tenured generation   total 87424K, used 41063K [0x100a0000, 0x15600000, 0x25600000)
   the space 87424K,  46% used [0x100a0000, 0x128b9f60, 0x128ba000, 0x15600000)
 Metaspace       used 18568K, capacity 19027K, committed 19072K, reserved 19840K
}
Event: 6987.191 GC heap before
{Heap before GC invocations=10 (full 1):
 def new generation   total 39424K, used 35402K [0x05600000, 0x080c0000, 0x100a0000)
  eden space 35072K, 100% used [0x05600000, 0x07840000, 0x07840000)
  from space 4352K,   7% used [0x07c80000, 0x07cd2b98, 0x080c0000)
  to   space 4352K,   0% used [0x07840000, 0x07840000, 0x07c80000)
 tenured generation   total 87424K, used 41063K [0x100a0000, 0x15600000, 0x25600000)
   the space 87424K,  46% used [0x100a0000, 0x128b9f60, 0x128ba000, 0x15600000)
 Metaspace       used 18675K, capacity 19128K, committed 19200K, reserved 19840K
Event: 6987.213 GC heap after
Heap after GC invocations=11 (full 1):
 def new generation   total 39424K, used 2398K [0x05600000, 0x080c0000, 0x100a0000)
  eden space 35072K,   0% used [0x05600000, 0x05600000, 0x07840000)
  from space 4352K,  55% used [0x07840000, 0x07a979d8, 0x07c80000)
  to   space 4352K,   0% used [0x07c80000, 0x07c80000, 0x080c0000)
 tenured generation   total 87424K, used 48571K [0x100a0000, 0x15600000, 0x25600000)
   the space 87424K,  55% used [0x100a0000, 0x1300ed70, 0x1300ee00, 0x15600000)
 Metaspace       used 18675K, capacity 19128K, committed 19200K, reserved 19840K
}
Event: 7064.485 GC heap before
{Heap before GC invocations=11 (full 1):
 def new generation   total 39424K, used 37470K [0x05600000, 0x080c0000, 0x100a0000)
  eden space 35072K, 100% used [0x05600000, 0x07840000, 0x07840000)
  from space 4352K,  55% used [0x07840000, 0x07a979d8, 0x07c80000)
  to   space 4352K,   0% used [0x07c80000, 0x07c80000, 0x080c0000)
 tenured generation   total 87424K, used 48571K [0x100a0000, 0x15600000, 0x25600000)
   the space 87424K,  55% used [0x100a0000, 0x1300ed70, 0x1300ee00, 0x15600000)
 Metaspace       used 19035K, capacity 19480K, committed 19584K, reserved 19840K
Event: 7064.501 GC heap after
Heap after GC invocations=12 (full 1):
 def new generation   total 39424K, used 3989K [0x05600000, 0x080c0000, 0x100a0000)
  eden space 35072K,   0% used [0x05600000, 0x05600000, 0x07840000)
  from space 4352K,  91% used [0x07c80000, 0x08065448, 0x080c0000)
  to   space 4352K,   0% used [0x07840000, 0x07840000, 0x07c80000)
 tenured generation   total 87424K, used 48858K [0x100a0000, 0x15600000, 0x25600000)
   the space 87424K,  55% used [0x100a0000, 0x13056a80, 0x13056c00, 0x15600000)
 Metaspace       used 19035K, capacity 19480K, committed 19584K, reserved 19840K
}
Event: 7568.407 GC heap before
{Heap before GC invocations=12 (full 1):
 def new generation   total 39424K, used 39061K [0x05600000, 0x080c0000, 0x100a0000)
  eden space 35072K, 100% used [0x05600000, 0x07840000, 0x07840000)
  from space 4352K,  91% used [0x07c80000, 0x08065448, 0x080c0000)
  to   space 4352K,   0% used [0x07840000, 0x07840000, 0x07c80000)
 tenured generation   total 87424K, used 48858K [0x100a0000, 0x15600000, 0x25600000)
   the space 87424K,  55% used [0x100a0000, 0x13056a80, 0x13056c00, 0x15600000)
 Metaspace       used 19038K, capacity 19512K, committed 19584K, reserved 19840K
Event: 7568.431 GC heap after
Heap after GC invocations=13 (full 1):
 def new generation   total 39424K, used 415K [0x05600000, 0x080c0000, 0x100a0000)
  eden space 35072K,   0% used [0x05600000, 0x05600000, 0x07840000)
  from space 4352K,   9% used [0x07840000, 0x078a7e40, 0x07c80000)
  to   space 4352K,   0% used [0x07c80000, 0x07c80000, 0x080c0000)
 tenured generation   total 87424K, used 52386K [0x100a0000, 0x15600000, 0x25600000)
   the space 87424K,  59% used [0x100a0000, 0x133c8a30, 0x133c8c00, 0x15600000)
 Metaspace       used 19038K, capacity 19512K, committed 19584K, reserved 19840K
}

