# JRE version: Java(TM) SE Runtime Environment (8.0_92-b14) (build 1.8.0_92-b14)
# Java VM: Java HotSpot(TM) Client VM (25.92-b14 mixed mode windows-x86 )
Heap:
 def new generation   total 39424K, used 16477K [0x04600000, 0x070c0000, 0x0f0a0000)
  eden space 35072K,  44% used [0x04600000, 0x05517890, 0x06840000)
  from space 4352K,  23% used [0x06840000, 0x0693ff38, 0x06c80000)
  to   space 4352K,   0% used [0x06c80000, 0x06c80000, 0x070c0000)
 tenured generation   total 87424K, used 36085K [0x0f0a0000, 0x14600000, 0x24600000)
   the space 87424K,  41% used [0x0f0a0000, 0x113dd550, 0x113dd600, 0x14600000)
 Metaspace       used 18717K, capacity 19182K, committed 19200K, reserved 19840K
GC Heap History (10 events):
Event: 208.472 GC heap before
{Heap before GC invocations=6 (full 1):
 def new generation   total 39424K, used 38413K [0x04600000, 0x070c0000, 0x0f0a0000)
  eden space 35072K,  99% used [0x04600000, 0x0682b578, 0x06840000)
  from space 4352K,  78% used [0x06c80000, 0x06fd81c8, 0x070c0000)
  to   space 4352K,   0% used [0x06840000, 0x06840000, 0x06c80000)
 tenured generation   total 87424K, used 31466K [0x0f0a0000, 0x14600000, 0x24600000)
   the space 87424K,  35% used [0x0f0a0000, 0x10f5a960, 0x10f5aa00, 0x14600000)
 Metaspace       used 18336K, capacity 18798K, committed 18816K, reserved 18816K
Event: 208.487 GC heap after
Heap after GC invocations=7 (full 1):
 def new generation   total 39424K, used 1510K [0x04600000, 0x070c0000, 0x0f0a0000)
  eden space 35072K,   0% used [0x04600000, 0x04600000, 0x06840000)
  from space 4352K,  34% used [0x06840000, 0x069b9ad8, 0x06c80000)
  to   space 4352K,   0% used [0x06c80000, 0x06c80000, 0x070c0000)
 tenured generation   total 87424K, used 32896K [0x0f0a0000, 0x14600000, 0x24600000)
   the space 87424K,  37% used [0x0f0a0000, 0x110c0378, 0x110c0400, 0x14600000)
 Metaspace       used 18336K, capacity 18798K, committed 18816K, reserved 18816K
}
Event: 275.773 GC heap before
{Heap before GC invocations=7 (full 1):
 def new generation   total 39424K, used 36582K [0x04600000, 0x070c0000, 0x0f0a0000)
  eden space 35072K, 100% used [0x04600000, 0x06840000, 0x06840000)
  from space 4352K,  34% used [0x06840000, 0x069b9ad8, 0x06c80000)
  to   space 4352K,   0% used [0x06c80000, 0x06c80000, 0x070c0000)
 tenured generation   total 87424K, used 32896K [0x0f0a0000, 0x14600000, 0x24600000)
   the space 87424K,  37% used [0x0f0a0000, 0x110c0378, 0x110c0400, 0x14600000)
 Metaspace       used 18701K, capacity 19182K, committed 19200K, reserved 19840K
Event: 275.785 GC heap after
Heap after GC invocations=8 (full 1):
 def new generation   total 39424K, used 3776K [0x04600000, 0x070c0000, 0x0f0a0000)
  eden space 35072K,   0% used [0x04600000, 0x04600000, 0x06840000)
  from space 4352K,  86% used [0x06c80000, 0x070302b0, 0x070c0000)
  to   space 4352K,   0% used [0x06840000, 0x06840000, 0x06c80000)
 tenured generation   total 87424K, used 32896K [0x0f0a0000, 0x14600000, 0x24600000)
   the space 87424K,  37% used [0x0f0a0000, 0x110c0378, 0x110c0400, 0x14600000)
 Metaspace       used 18701K, capacity 19182K, committed 19200K, reserved 19840K
}
Event: 558.738 GC heap before
{Heap before GC invocations=8 (full 1):
 def new generation   total 39424K, used 38848K [0x04600000, 0x070c0000, 0x0f0a0000)
  eden space 35072K, 100% used [0x04600000, 0x06840000, 0x06840000)
  from space 4352K,  86% used [0x06c80000, 0x070302b0, 0x070c0000)
  to   space 4352K,   0% used [0x06840000, 0x06840000, 0x06c80000)
 tenured generation   total 87424K, used 32896K [0x0f0a0000, 0x14600000, 0x24600000)
   the space 87424K,  37% used [0x0f0a0000, 0x110c0378, 0x110c0400, 0x14600000)
 Metaspace       used 18707K, capacity 19182K, committed 19200K, reserved 19840K
Event: 558.750 GC heap after
Heap after GC invocations=9 (full 1):
 def new generation   total 39424K, used 1707K [0x04600000, 0x070c0000, 0x0f0a0000)
  eden space 35072K,   0% used [0x04600000, 0x04600000, 0x06840000)
  from space 4352K,  39% used [0x06840000, 0x069ead30, 0x06c80000)
  to   space 4352K,   0% used [0x06c80000, 0x06c80000, 0x070c0000)
 tenured generation   total 87424K, used 36085K [0x0f0a0000, 0x14600000, 0x24600000)
   the space 87424K,  41% used [0x0f0a0000, 0x113dd550, 0x113dd600, 0x14600000)
 Metaspace       used 18707K, capacity 19182K, committed 19200K, reserved 19840K
}
Event: 666.403 GC heap before
{Heap before GC invocations=9 (full 1):
 def new generation   total 39424K, used 36779K [0x04600000, 0x070c0000, 0x0f0a0000)
  eden space 35072K, 100% used [0x04600000, 0x06840000, 0x06840000)
  from space 4352K,  39% used [0x06840000, 0x069ead30, 0x06c80000)
  to   space 4352K,   0% used [0x06c80000, 0x06c80000, 0x070c0000)
 tenured generation   total 87424K, used 36085K [0x0f0a0000, 0x14600000, 0x24600000)
   the space 87424K,  41% used [0x0f0a0000, 0x113dd550, 0x113dd600, 0x14600000)
 Metaspace       used 18708K, capacity 19182K, committed 19200K, reserved 19840K
Event: 666.408 GC heap after
Heap after GC invocations=10 (full 1):
 def new generation   total 39424K, used 1784K [0x04600000, 0x070c0000, 0x0f0a0000)
  eden space 35072K,   0% used [0x04600000, 0x04600000, 0x06840000)
  from space 4352K,  40% used [0x06c80000, 0x06e3e058, 0x070c0000)
  to   space 4352K,   0% used [0x06840000, 0x06840000, 0x06c80000)
 tenured generation   total 87424K, used 36085K [0x0f0a0000, 0x14600000, 0x24600000)
   the space 87424K,  41% used [0x0f0a0000, 0x113dd550, 0x113dd600, 0x14600000)
 Metaspace       used 18708K, capacity 19182K, committed 19200K, reserved 19840K
}
Event: 788.684 GC heap before
{Heap before GC invocations=10 (full 1):
 def new generation   total 39424K, used 36856K [0x04600000, 0x070c0000, 0x0f0a0000)
  eden space 35072K, 100% used [0x04600000, 0x06840000, 0x06840000)
  from space 4352K,  40% used [0x06c80000, 0x06e3e058, 0x070c0000)
  to   space 4352K,   0% used [0x06840000, 0x06840000, 0x06c80000)
 tenured generation   total 87424K, used 36085K [0x0f0a0000, 0x14600000, 0x24600000)
   the space 87424K,  41% used [0x0f0a0000, 0x113dd550, 0x113dd600, 0x14600000)
 Metaspace       used 18717K, capacity 19182K, committed 19200K, reserved 19840K
Event: 788.691 GC heap after
Heap after GC invocations=11 (full 1):
 def new generation   total 39424K, used 1023K [0x04600000, 0x070c0000, 0x0f0a0000)
  eden space 35072K,   0% used [0x04600000, 0x04600000, 0x06840000)
  from space 4352K,  23% used [0x06840000, 0x0693ff38, 0x06c80000)
  to   space 4352K,   0% used [0x06c80000, 0x06c80000, 0x070c0000)
 tenured generation   total 87424K, used 36085K [0x0f0a0000, 0x14600000, 0x24600000)
   the space 87424K,  41% used [0x0f0a0000, 0x113dd550, 0x113dd600, 0x14600000)
 Metaspace       used 18717K, capacity 19182K, committed 19200K, reserved 19840K
}

