# JRE version: Java(TM) SE Runtime Environment (8.0_92-b14) (build 1.8.0_92-b14)
# Java VM: Java HotSpot(TM) Client VM (25.92-b14 mixed mode windows-x86 )
Heap:
 def new generation   total 39424K, used 24826K [0x05400000, 0x07ec0000, 0x0fea0000)
  eden space 35072K,  67% used [0x05400000, 0x06b12b00, 0x07640000)
  from space 4352K,  27% used [0x07a80000, 0x07babe20, 0x07ec0000)
  to   space 4352K,   0% used [0x07640000, 0x07640000, 0x07a80000)
 tenured generation   total 87424K, used 45245K [0x0fea0000, 0x15400000, 0x25400000)
   the space 87424K,  51% used [0x0fea0000, 0x12acf550, 0x12acf600, 0x15400000)
 Metaspace       used 18925K, capacity 19392K, committed 19456K, reserved 19840K
GC Heap History (10 events):
Event: 7548.098 GC heap before
{Heap before GC invocations=977 (full 1):
 def new generation   total 39424K, used 36719K [0x05400000, 0x07ec0000, 0x0fea0000)
  eden space 35072K, 100% used [0x05400000, 0x07640000, 0x07640000)
  from space 4352K,  37% used [0x07640000, 0x077dbc40, 0x07a80000)
  to   space 4352K,   0% used [0x07a80000, 0x07a80000, 0x07ec0000)
 tenured generation   total 87424K, used 45245K [0x0fea0000, 0x15400000, 0x25400000)
   the space 87424K,  51% used [0x0fea0000, 0x12acf550, 0x12acf600, 0x15400000)
 Metaspace       used 18925K, capacity 19392K, committed 19456K, reserved 19840K
Event: 7548.100 GC heap after
Heap after GC invocations=978 (full 1):
 def new generation   total 39424K, used 1646K [0x05400000, 0x07ec0000, 0x0fea0000)
  eden space 35072K,   0% used [0x05400000, 0x05400000, 0x07640000)
  from space 4352K,  37% used [0x07a80000, 0x07c1bbf0, 0x07ec0000)
  to   space 4352K,   0% used [0x07640000, 0x07640000, 0x07a80000)
 tenured generation   total 87424K, used 45245K [0x0fea0000, 0x15400000, 0x25400000)
   the space 87424K,  51% used [0x0fea0000, 0x12acf550, 0x12acf600, 0x15400000)
 Metaspace       used 18925K, capacity 19392K, committed 19456K, reserved 19840K
}
Event: 7554.402 GC heap before
{Heap before GC invocations=978 (full 1):
 def new generation   total 39424K, used 36718K [0x05400000, 0x07ec0000, 0x0fea0000)
  eden space 35072K, 100% used [0x05400000, 0x07640000, 0x07640000)
  from space 4352K,  37% used [0x07a80000, 0x07c1bbf0, 0x07ec0000)
  to   space 4352K,   0% used [0x07640000, 0x07640000, 0x07a80000)
 tenured generation   total 87424K, used 45245K [0x0fea0000, 0x15400000, 0x25400000)
   the space 87424K,  51% used [0x0fea0000, 0x12acf550, 0x12acf600, 0x15400000)
 Metaspace       used 18925K, capacity 19392K, committed 19456K, reserved 19840K
Event: 7554.404 GC heap after
Heap after GC invocations=979 (full 1):
 def new generation   total 39424K, used 1646K [0x05400000, 0x07ec0000, 0x0fea0000)
  eden space 35072K,   0% used [0x05400000, 0x05400000, 0x07640000)
  from space 4352K,  37% used [0x07640000, 0x077dbbf0, 0x07a80000)
  to   space 4352K,   0% used [0x07a80000, 0x07a80000, 0x07ec0000)
 tenured generation   total 87424K, used 45245K [0x0fea0000, 0x15400000, 0x25400000)
   the space 87424K,  51% used [0x0fea0000, 0x12acf550, 0x12acf600, 0x15400000)
 Metaspace       used 18925K, capacity 19392K, committed 19456K, reserved 19840K
}
Event: 7561.784 GC heap before
{Heap before GC invocations=979 (full 1):
 def new generation   total 39424K, used 36718K [0x05400000, 0x07ec0000, 0x0fea0000)
  eden space 35072K, 100% used [0x05400000, 0x07640000, 0x07640000)
  from space 4352K,  37% used [0x07640000, 0x077dbbf0, 0x07a80000)
  to   space 4352K,   0% used [0x07a80000, 0x07a80000, 0x07ec0000)
 tenured generation   total 87424K, used 45245K [0x0fea0000, 0x15400000, 0x25400000)
   the space 87424K,  51% used [0x0fea0000, 0x12acf550, 0x12acf600, 0x15400000)
 Metaspace       used 18925K, capacity 19392K, committed 19456K, reserved 19840K
Event: 7561.787 GC heap after
Heap after GC invocations=980 (full 1):
 def new generation   total 39424K, used 1648K [0x05400000, 0x07ec0000, 0x0fea0000)
  eden space 35072K,   0% used [0x05400000, 0x05400000, 0x07640000)
  from space 4352K,  37% used [0x07a80000, 0x07c1c170, 0x07ec0000)
  to   space 4352K,   0% used [0x07640000, 0x07640000, 0x07a80000)
 tenured generation   total 87424K, used 45245K [0x0fea0000, 0x15400000, 0x25400000)
   the space 87424K,  51% used [0x0fea0000, 0x12acf550, 0x12acf600, 0x15400000)
 Metaspace       used 18925K, capacity 19392K, committed 19456K, reserved 19840K
}
Event: 7568.173 GC heap before
{Heap before GC invocations=980 (full 1):
 def new generation   total 39424K, used 36720K [0x05400000, 0x07ec0000, 0x0fea0000)
  eden space 35072K, 100% used [0x05400000, 0x07640000, 0x07640000)
  from space 4352K,  37% used [0x07a80000, 0x07c1c170, 0x07ec0000)
  to   space 4352K,   0% used [0x07640000, 0x07640000, 0x07a80000)
 tenured generation   total 87424K, used 45245K [0x0fea0000, 0x15400000, 0x25400000)
   the space 87424K,  51% used [0x0fea0000, 0x12acf550, 0x12acf600, 0x15400000)
 Metaspace       used 18925K, capacity 19392K, committed 19456K, reserved 19840K
Event: 7568.175 GC heap after
Heap after GC invocations=981 (full 1):
 def new generation   total 39424K, used 1648K [0x05400000, 0x07ec0000, 0x0fea0000)
  eden space 35072K,   0% used [0x05400000, 0x05400000, 0x07640000)
  from space 4352K,  37% used [0x07640000, 0x077dc118, 0x07a80000)
  to   space 4352K,   0% used [0x07a80000, 0x07a80000, 0x07ec0000)
 tenured generation   total 87424K, used 45245K [0x0fea0000, 0x15400000, 0x25400000)
   the space 87424K,  51% used [0x0fea0000, 0x12acf550, 0x12acf600, 0x15400000)
 Metaspace       used 18925K, capacity 19392K, committed 19456K, reserved 19840K
}
Event: 7578.908 GC heap before
{Heap before GC invocations=981 (full 1):
 def new generation   total 39424K, used 36720K [0x05400000, 0x07ec0000, 0x0fea0000)
  eden space 35072K, 100% used [0x05400000, 0x07640000, 0x07640000)
  from space 4352K,  37% used [0x07640000, 0x077dc118, 0x07a80000)
  to   space 4352K,   0% used [0x07a80000, 0x07a80000, 0x07ec0000)
 tenured generation   total 87424K, used 45245K [0x0fea0000, 0x15400000, 0x25400000)
   the space 87424K,  51% used [0x0fea0000, 0x12acf550, 0x12acf600, 0x15400000)
 Metaspace       used 18925K, capacity 19392K, committed 19456K, reserved 19840K
Event: 7578.915 GC heap after
Heap after GC invocations=982 (full 1):
 def new generation   total 39424K, used 1199K [0x05400000, 0x07ec0000, 0x0fea0000)
  eden space 35072K,   0% used [0x05400000, 0x05400000, 0x07640000)
  from space 4352K,  27% used [0x07a80000, 0x07babe20, 0x07ec0000)
  to   space 4352K,   0% used [0x07640000, 0x07640000, 0x07a80000)
 tenured generation   total 87424K, used 45245K [0x0fea0000, 0x15400000, 0x25400000)
   the space 87424K,  51% used [0x0fea0000, 0x12acf550, 0x12acf600, 0x15400000)
 Metaspace       used 18925K, capacity 19392K, committed 19456K, reserved 19840K
}

