# JRE version: Java(TM) SE Runtime Environment (8.0_92-b14) (build 1.8.0_92-b14)
# Java VM: Java HotSpot(TM) Client VM (25.92-b14 mixed mode windows-x86 )
Heap:
 def new generation   total 39424K, used 12641K [0x04e00000, 0x078c0000, 0x0f8a0000)
  eden space 35072K,  34% used [0x04e00000, 0x059f7b20, 0x07040000)
  from space 4352K,   8% used [0x07480000, 0x074e09e8, 0x078c0000)
  to   space 4352K,   0% used [0x07040000, 0x07040000, 0x07480000)
 tenured generation   total 87424K, used 47257K [0x0f8a0000, 0x14e00000, 0x24e00000)
   the space 87424K,  54% used [0x0f8a0000, 0x126c6680, 0x126c6800, 0x14e00000)
 Metaspace       used 18961K, capacity 19414K, committed 19584K, reserved 19840K
GC Heap History (10 events):
Event: 22271.891 GC heap before
{Heap before GC invocations=1471 (full 2):
 def new generation   total 39424K, used 35913K [0x04e00000, 0x078c0000, 0x0f8a0000)
  eden space 35072K, 100% used [0x04e00000, 0x07040000, 0x07040000)
  from space 4352K,  19% used [0x07040000, 0x071125b8, 0x07480000)
  to   space 4352K,   0% used [0x07480000, 0x07480000, 0x078c0000)
 tenured generation   total 87424K, used 47257K [0x0f8a0000, 0x14e00000, 0x24e00000)
   the space 87424K,  54% used [0x0f8a0000, 0x126c6680, 0x126c6800, 0x14e00000)
 Metaspace       used 18961K, capacity 19414K, committed 19584K, reserved 19840K
Event: 22271.899 GC heap after
Heap after GC invocations=1472 (full 2):
 def new generation   total 39424K, used 797K [0x04e00000, 0x078c0000, 0x0f8a0000)
  eden space 35072K,   0% used [0x04e00000, 0x04e00000, 0x07040000)
  from space 4352K,  18% used [0x07480000, 0x075475f8, 0x078c0000)
  to   space 4352K,   0% used [0x07040000, 0x07040000, 0x07480000)
 tenured generation   total 87424K, used 47257K [0x0f8a0000, 0x14e00000, 0x24e00000)
   the space 87424K,  54% used [0x0f8a0000, 0x126c6680, 0x126c6800, 0x14e00000)
 Metaspace       used 18961K, capacity 19414K, committed 19584K, reserved 19840K
}
Event: 22281.992 GC heap before
{Heap before GC invocations=1472 (full 2):
 def new generation   total 39424K, used 35869K [0x04e00000, 0x078c0000, 0x0f8a0000)
  eden space 35072K, 100% used [0x04e00000, 0x07040000, 0x07040000)
  from space 4352K,  18% used [0x07480000, 0x075475f8, 0x078c0000)
  to   space 4352K,   0% used [0x07040000, 0x07040000, 0x07480000)
 tenured generation   total 87424K, used 47257K [0x0f8a0000, 0x14e00000, 0x24e00000)
   the space 87424K,  54% used [0x0f8a0000, 0x126c6680, 0x126c6800, 0x14e00000)
 Metaspace       used 18961K, capacity 19414K, committed 19584K, reserved 19840K
Event: 22281.997 GC heap after
Heap after GC invocations=1473 (full 2):
 def new generation   total 39424K, used 388K [0x04e00000, 0x078c0000, 0x0f8a0000)
  eden space 35072K,   0% used [0x04e00000, 0x04e00000, 0x07040000)
  from space 4352K,   8% used [0x07040000, 0x070a1260, 0x07480000)
  to   space 4352K,   0% used [0x07480000, 0x07480000, 0x078c0000)
 tenured generation   total 87424K, used 47257K [0x0f8a0000, 0x14e00000, 0x24e00000)
   the space 87424K,  54% used [0x0f8a0000, 0x126c6680, 0x126c6800, 0x14e00000)
 Metaspace       used 18961K, capacity 19414K, committed 19584K, reserved 19840K
}
Event: 22292.682 GC heap before
{Heap before GC invocations=1473 (full 2):
 def new generation   total 39424K, used 35460K [0x04e00000, 0x078c0000, 0x0f8a0000)
  eden space 35072K, 100% used [0x04e00000, 0x07040000, 0x07040000)
  from space 4352K,   8% used [0x07040000, 0x070a1260, 0x07480000)
  to   space 4352K,   0% used [0x07480000, 0x07480000, 0x078c0000)
 tenured generation   total 87424K, used 47257K [0x0f8a0000, 0x14e00000, 0x24e00000)
   the space 87424K,  54% used [0x0f8a0000, 0x126c6680, 0x126c6800, 0x14e00000)
 Metaspace       used 18961K, capacity 19414K, committed 19584K, reserved 19840K
Event: 22292.687 GC heap after
Heap after GC invocations=1474 (full 2):
 def new generation   total 39424K, used 386K [0x04e00000, 0x078c0000, 0x0f8a0000)
  eden space 35072K,   0% used [0x04e00000, 0x04e00000, 0x07040000)
  from space 4352K,   8% used [0x07480000, 0x074e09b0, 0x078c0000)
  to   space 4352K,   0% used [0x07040000, 0x07040000, 0x07480000)
 tenured generation   total 87424K, used 47257K [0x0f8a0000, 0x14e00000, 0x24e00000)
   the space 87424K,  54% used [0x0f8a0000, 0x126c6680, 0x126c6800, 0x14e00000)
 Metaspace       used 18961K, capacity 19414K, committed 19584K, reserved 19840K
}
Event: 22302.951 GC heap before
{Heap before GC invocations=1474 (full 2):
 def new generation   total 39424K, used 35458K [0x04e00000, 0x078c0000, 0x0f8a0000)
  eden space 35072K, 100% used [0x04e00000, 0x07040000, 0x07040000)
  from space 4352K,   8% used [0x07480000, 0x074e09b0, 0x078c0000)
  to   space 4352K,   0% used [0x07040000, 0x07040000, 0x07480000)
 tenured generation   total 87424K, used 47257K [0x0f8a0000, 0x14e00000, 0x24e00000)
   the space 87424K,  54% used [0x0f8a0000, 0x126c6680, 0x126c6800, 0x14e00000)
 Metaspace       used 18961K, capacity 19414K, committed 19584K, reserved 19840K
Event: 22302.955 GC heap after
Heap after GC invocations=1475 (full 2):
 def new generation   total 39424K, used 386K [0x04e00000, 0x078c0000, 0x0f8a0000)
  eden space 35072K,   0% used [0x04e00000, 0x04e00000, 0x07040000)
  from space 4352K,   8% used [0x07040000, 0x070a09a0, 0x07480000)
  to   space 4352K,   0% used [0x07480000, 0x07480000, 0x078c0000)
 tenured generation   total 87424K, used 47257K [0x0f8a0000, 0x14e00000, 0x24e00000)
   the space 87424K,  54% used [0x0f8a0000, 0x126c6680, 0x126c6800, 0x14e00000)
 Metaspace       used 18961K, capacity 19414K, committed 19584K, reserved 19840K
}
Event: 22313.228 GC heap before
{Heap before GC invocations=1475 (full 2):
 def new generation   total 39424K, used 35458K [0x04e00000, 0x078c0000, 0x0f8a0000)
  eden space 35072K, 100% used [0x04e00000, 0x07040000, 0x07040000)
  from space 4352K,   8% used [0x07040000, 0x070a09a0, 0x07480000)
  to   space 4352K,   0% used [0x07480000, 0x07480000, 0x078c0000)
 tenured generation   total 87424K, used 47257K [0x0f8a0000, 0x14e00000, 0x24e00000)
   the space 87424K,  54% used [0x0f8a0000, 0x126c6680, 0x126c6800, 0x14e00000)
 Metaspace       used 18961K, capacity 19414K, committed 19584K, reserved 19840K
Event: 22313.234 GC heap after
Heap after GC invocations=1476 (full 2):
 def new generation   total 39424K, used 386K [0x04e00000, 0x078c0000, 0x0f8a0000)
  eden space 35072K,   0% used [0x04e00000, 0x04e00000, 0x07040000)
  from space 4352K,   8% used [0x07480000, 0x074e09e8, 0x078c0000)
  to   space 4352K,   0% used [0x07040000, 0x07040000, 0x07480000)
 tenured generation   total 87424K, used 47257K [0x0f8a0000, 0x14e00000, 0x24e00000)
   the space 87424K,  54% used [0x0f8a0000, 0x126c6680, 0x126c6800, 0x14e00000)
 Metaspace       used 18961K, capacity 19414K, committed 19584K, reserved 19840K
}

