# JRE version: Java(TM) SE Runtime Environment (8.0_92-b14) (build 1.8.0_92-b14)
# Java VM: Java HotSpot(TM) Client VM (25.92-b14 mixed mode windows-x86 )
Heap:
 def new generation   total 39424K, used 18399K [0x04800000, 0x072c0000, 0x0f2a0000)
  eden space 35072K,  50% used [0x04800000, 0x0596b540, 0x06a40000)
  from space 4352K,  12% used [0x06a40000, 0x06acc6d0, 0x06e80000)
  to   space 4352K,   0% used [0x06e80000, 0x06e80000, 0x072c0000)
 tenured generation   total 87424K, used 71690K [0x0f2a0000, 0x14800000, 0x24800000)
   the space 87424K,  82% used [0x0f2a0000, 0x138a28d0, 0x138a2a00, 0x14800000)
 Metaspace       used 19083K, capacity 19554K, committed 19584K, reserved 19840K
GC Heap History (10 events):
Event: 15389.437 GC heap before
{Heap before GC invocations=828 (full 1):
 def new generation   total 39424K, used 36657K [0x04800000, 0x072c0000, 0x0f2a0000)
  eden space 35072K, 100% used [0x04800000, 0x06a40000, 0x06a40000)
  from space 4352K,  36% used [0x06e80000, 0x0700c530, 0x072c0000)
  to   space 4352K,   0% used [0x06a40000, 0x06a40000, 0x06e80000)
 tenured generation   total 87424K, used 70312K [0x0f2a0000, 0x14800000, 0x24800000)
   the space 87424K,  80% used [0x0f2a0000, 0x1374a1c8, 0x1374a200, 0x14800000)
 Metaspace       used 19083K, capacity 19554K, committed 19584K, reserved 19840K
Event: 15389.442 GC heap after
Heap after GC invocations=829 (full 1):
 def new generation   total 39424K, used 1585K [0x04800000, 0x072c0000, 0x0f2a0000)
  eden space 35072K,   0% used [0x04800000, 0x04800000, 0x06a40000)
  from space 4352K,  36% used [0x06a40000, 0x06bcc6e8, 0x06e80000)
  to   space 4352K,   0% used [0x06e80000, 0x06e80000, 0x072c0000)
 tenured generation   total 87424K, used 70312K [0x0f2a0000, 0x14800000, 0x24800000)
   the space 87424K,  80% used [0x0f2a0000, 0x1374a1c8, 0x1374a200, 0x14800000)
 Metaspace       used 19083K, capacity 19554K, committed 19584K, reserved 19840K
}
Event: 15396.342 GC heap before
{Heap before GC invocations=829 (full 1):
 def new generation   total 39424K, used 36657K [0x04800000, 0x072c0000, 0x0f2a0000)
  eden space 35072K, 100% used [0x04800000, 0x06a40000, 0x06a40000)
  from space 4352K,  36% used [0x06a40000, 0x06bcc6e8, 0x06e80000)
  to   space 4352K,   0% used [0x06e80000, 0x06e80000, 0x072c0000)
 tenured generation   total 87424K, used 70312K [0x0f2a0000, 0x14800000, 0x24800000)
   the space 87424K,  80% used [0x0f2a0000, 0x1374a1c8, 0x1374a200, 0x14800000)
 Metaspace       used 19083K, capacity 19554K, committed 19584K, reserved 19840K
Event: 15396.345 GC heap after
Heap after GC invocations=830 (full 1):
 def new generation   total 39424K, used 261K [0x04800000, 0x072c0000, 0x0f2a0000)
  eden space 35072K,   0% used [0x04800000, 0x04800000, 0x06a40000)
  from space 4352K,   6% used [0x06e80000, 0x06ec14c0, 0x072c0000)
  to   space 4352K,   0% used [0x06a40000, 0x06a40000, 0x06e80000)
 tenured generation   total 87424K, used 71636K [0x0f2a0000, 0x14800000, 0x24800000)
   the space 87424K,  81% used [0x0f2a0000, 0x13895158, 0x13895200, 0x14800000)
 Metaspace       used 19083K, capacity 19554K, committed 19584K, reserved 19840K
}
Event: 15403.923 GC heap before
{Heap before GC invocations=830 (full 1):
 def new generation   total 39424K, used 35333K [0x04800000, 0x072c0000, 0x0f2a0000)
  eden space 35072K, 100% used [0x04800000, 0x06a40000, 0x06a40000)
  from space 4352K,   6% used [0x06e80000, 0x06ec14c0, 0x072c0000)
  to   space 4352K,   0% used [0x06a40000, 0x06a40000, 0x06e80000)
 tenured generation   total 87424K, used 71636K [0x0f2a0000, 0x14800000, 0x24800000)
   the space 87424K,  81% used [0x0f2a0000, 0x13895158, 0x13895200, 0x14800000)
 Metaspace       used 19083K, capacity 19554K, committed 19584K, reserved 19840K
Event: 15403.925 GC heap after
Heap after GC invocations=831 (full 1):
 def new generation   total 39424K, used 262K [0x04800000, 0x072c0000, 0x0f2a0000)
  eden space 35072K,   0% used [0x04800000, 0x04800000, 0x06a40000)
  from space 4352K,   6% used [0x06a40000, 0x06a819d0, 0x06e80000)
  to   space 4352K,   0% used [0x06e80000, 0x06e80000, 0x072c0000)
 tenured generation   total 87424K, used 71636K [0x0f2a0000, 0x14800000, 0x24800000)
   the space 87424K,  81% used [0x0f2a0000, 0x13895158, 0x13895200, 0x14800000)
 Metaspace       used 19083K, capacity 19554K, committed 19584K, reserved 19840K
}
Event: 15413.994 GC heap before
{Heap before GC invocations=831 (full 1):
 def new generation   total 39424K, used 35334K [0x04800000, 0x072c0000, 0x0f2a0000)
  eden space 35072K, 100% used [0x04800000, 0x06a40000, 0x06a40000)
  from space 4352K,   6% used [0x06a40000, 0x06a819d0, 0x06e80000)
  to   space 4352K,   0% used [0x06e80000, 0x06e80000, 0x072c0000)
 tenured generation   total 87424K, used 71636K [0x0f2a0000, 0x14800000, 0x24800000)
   the space 87424K,  81% used [0x0f2a0000, 0x13895158, 0x13895200, 0x14800000)
 Metaspace       used 19083K, capacity 19554K, committed 19584K, reserved 19840K
Event: 15413.996 GC heap after
Heap after GC invocations=832 (full 1):
 def new generation   total 39424K, used 260K [0x04800000, 0x072c0000, 0x0f2a0000)
  eden space 35072K,   0% used [0x04800000, 0x04800000, 0x06a40000)
  from space 4352K,   5% used [0x06e80000, 0x06ec1240, 0x072c0000)
  to   space 4352K,   0% used [0x06a40000, 0x06a40000, 0x06e80000)
 tenured generation   total 87424K, used 71637K [0x0f2a0000, 0x14800000, 0x24800000)
   the space 87424K,  81% used [0x0f2a0000, 0x13895770, 0x13895800, 0x14800000)
 Metaspace       used 19083K, capacity 19554K, committed 19584K, reserved 19840K
}
Event: 15432.416 GC heap before
{Heap before GC invocations=832 (full 1):
 def new generation   total 39424K, used 35332K [0x04800000, 0x072c0000, 0x0f2a0000)
  eden space 35072K, 100% used [0x04800000, 0x06a40000, 0x06a40000)
  from space 4352K,   5% used [0x06e80000, 0x06ec1240, 0x072c0000)
  to   space 4352K,   0% used [0x06a40000, 0x06a40000, 0x06e80000)
 tenured generation   total 87424K, used 71637K [0x0f2a0000, 0x14800000, 0x24800000)
   the space 87424K,  81% used [0x0f2a0000, 0x13895770, 0x13895800, 0x14800000)
 Metaspace       used 19083K, capacity 19554K, committed 19584K, reserved 19840K
Event: 15432.426 GC heap after
Heap after GC invocations=833 (full 1):
 def new generation   total 39424K, used 561K [0x04800000, 0x072c0000, 0x0f2a0000)
  eden space 35072K,   0% used [0x04800000, 0x04800000, 0x06a40000)
  from space 4352K,  12% used [0x06a40000, 0x06acc6d0, 0x06e80000)
  to   space 4352K,   0% used [0x06e80000, 0x06e80000, 0x072c0000)
 tenured generation   total 87424K, used 71690K [0x0f2a0000, 0x14800000, 0x24800000)
   the space 87424K,  82% used [0x0f2a0000, 0x138a28d0, 0x138a2a00, 0x14800000)
 Metaspace       used 19083K, capacity 19554K, committed 19584K, reserved 19840K
}

