# JRE version: Java(TM) SE Runtime Environment (8.0_92-b14) (build 1.8.0_92-b14)
# Java VM: Java HotSpot(TM) Client VM (25.92-b14 mixed mode windows-x86 )
Heap:
 def new generation   total 39424K, used 6939K [0x04e00000, 0x078c0000, 0x0f8a0000)
  eden space 35072K,   7% used [0x04e00000, 0x05086f18, 0x07040000)
  from space 4352K, 100% used [0x07480000, 0x078c0000, 0x078c0000)
  to   space 4352K,   0% used [0x07040000, 0x07040000, 0x07480000)
 tenured generation   total 87424K, used 27786K [0x0f8a0000, 0x14e00000, 0x24e00000)
   the space 87424K,  31% used [0x0f8a0000, 0x113c28d0, 0x113c2a00, 0x14e00000)
 Metaspace       used 18644K, capacity 19116K, committed 19200K, reserved 19840K
GC Heap History (10 events):
Event: 3.821 GC heap before
{Heap before GC invocations=1 (full 0):
 def new generation   total 39296K, used 39296K [0x04e00000, 0x078a0000, 0x0f8a0000)
  eden space 34944K, 100% used [0x04e00000, 0x07020000, 0x07020000)
  from space 4352K, 100% used [0x07460000, 0x078a0000, 0x078a0000)
  to   space 4352K,   0% used [0x07020000, 0x07020000, 0x07460000)
 tenured generation   total 87424K, used 2945K [0x0f8a0000, 0x14e00000, 0x24e00000)
   the space 87424K,   3% used [0x0f8a0000, 0x0fb80700, 0x0fb80800, 0x14e00000)
 Metaspace       used 11403K, capacity 11727K, committed 11776K, reserved 12672K
Event: 3.875 GC heap after
Heap after GC invocations=2 (full 0):
 def new generation   total 39296K, used 4352K [0x04e00000, 0x078a0000, 0x0f8a0000)
  eden space 34944K,   0% used [0x04e00000, 0x04e00000, 0x07020000)
  from space 4352K, 100% used [0x07020000, 0x07460000, 0x07460000)
  to   space 4352K,   0% used [0x07460000, 0x07460000, 0x078a0000)
 tenured generation   total 87424K, used 9359K [0x0f8a0000, 0x14e00000, 0x24e00000)
   the space 87424K,  10% used [0x0f8a0000, 0x101c3f18, 0x101c4000, 0x14e00000)
 Metaspace       used 11403K, capacity 11727K, committed 11776K, reserved 12672K
}
Event: 5.443 GC heap before
{Heap before GC invocations=2 (full 0):
 def new generation   total 39296K, used 14418K [0x04e00000, 0x078a0000, 0x0f8a0000)
  eden space 34944K,  28% used [0x04e00000, 0x057d48d0, 0x07020000)
  from space 4352K, 100% used [0x07020000, 0x07460000, 0x07460000)
  to   space 4352K,   0% used [0x07460000, 0x07460000, 0x078a0000)
 tenured generation   total 87424K, used 9359K [0x0f8a0000, 0x14e00000, 0x24e00000)
   the space 87424K,  10% used [0x0f8a0000, 0x101c3f18, 0x101c4000, 0x14e00000)
 Metaspace       used 11919K, capacity 12254K, committed 12288K, reserved 12672K
Event: 5.507 GC heap after
Heap after GC invocations=3 (full 1):
 def new generation   total 39424K, used 0K [0x04e00000, 0x078c0000, 0x0f8a0000)
  eden space 35072K,   0% used [0x04e00000, 0x04e00000, 0x07040000)
  from space 4352K,   0% used [0x07040000, 0x07040000, 0x07480000)
  to   space 4352K,   0% used [0x07480000, 0x07480000, 0x078c0000)
 tenured generation   total 87424K, used 14660K [0x0f8a0000, 0x14e00000, 0x24e00000)
   the space 87424K,  16% used [0x0f8a0000, 0x106f13d0, 0x106f1400, 0x14e00000)
 Metaspace       used 11919K, capacity 12254K, committed 12288K, reserved 12672K
}
Event: 7.660 GC heap before
{Heap before GC invocations=3 (full 1):
 def new generation   total 39424K, used 35072K [0x04e00000, 0x078c0000, 0x0f8a0000)
  eden space 35072K, 100% used [0x04e00000, 0x07040000, 0x07040000)
  from space 4352K,   0% used [0x07040000, 0x07040000, 0x07480000)
  to   space 4352K,   0% used [0x07480000, 0x07480000, 0x078c0000)
 tenured generation   total 87424K, used 14660K [0x0f8a0000, 0x14e00000, 0x24e00000)
   the space 87424K,  16% used [0x0f8a0000, 0x106f13d0, 0x106f1400, 0x14e00000)
 Metaspace       used 16868K, capacity 17248K, committed 17408K, reserved 17792K
Event: 7.681 GC heap after
Heap after GC invocations=4 (full 1):
 def new generation   total 39424K, used 4352K [0x04e00000, 0x078c0000, 0x0f8a0000)
  eden space 35072K,   0% used [0x04e00000, 0x04e00000, 0x07040000)
  from space 4352K, 100% used [0x07480000, 0x078c0000, 0x078c0000)
  to   space 4352K,   0% used [0x07040000, 0x07040000, 0x07480000)
 tenured generation   total 87424K, used 16681K [0x0f8a0000, 0x14e00000, 0x24e00000)
   the space 87424K,  19% used [0x0f8a0000, 0x108ea768, 0x108ea800, 0x14e00000)
 Metaspace       used 16868K, capacity 17248K, committed 17408K, reserved 17792K
}
Event: 68.846 GC heap before
{Heap before GC invocations=4 (full 1):
 def new generation   total 39424K, used 39424K [0x04e00000, 0x078c0000, 0x0f8a0000)
  eden space 35072K, 100% used [0x04e00000, 0x07040000, 0x07040000)
  from space 4352K, 100% used [0x07480000, 0x078c0000, 0x078c0000)
  to   space 4352K,   0% used [0x07040000, 0x07040000, 0x07480000)
 tenured generation   total 87424K, used 16681K [0x0f8a0000, 0x14e00000, 0x24e00000)
   the space 87424K,  19% used [0x0f8a0000, 0x108ea768, 0x108ea800, 0x14e00000)
 Metaspace       used 17800K, capacity 18247K, committed 18304K, reserved 18816K
Event: 68.882 GC heap after
Heap after GC invocations=5 (full 1):
 def new generation   total 39424K, used 3441K [0x04e00000, 0x078c0000, 0x0f8a0000)
  eden space 35072K,   0% used [0x04e00000, 0x04e00000, 0x07040000)
  from space 4352K,  79% used [0x07040000, 0x0739c460, 0x07480000)
  to   space 4352K,   0% used [0x07480000, 0x07480000, 0x078c0000)
 tenured generation   total 87424K, used 24907K [0x0f8a0000, 0x14e00000, 0x24e00000)
   the space 87424K,  28% used [0x0f8a0000, 0x110f2f60, 0x110f3000, 0x14e00000)
 Metaspace       used 17800K, capacity 18247K, committed 18304K, reserved 18816K
}
Event: 477.456 GC heap before
{Heap before GC invocations=5 (full 1):
 def new generation   total 39424K, used 38513K [0x04e00000, 0x078c0000, 0x0f8a0000)
  eden space 35072K, 100% used [0x04e00000, 0x07040000, 0x07040000)
  from space 4352K,  79% used [0x07040000, 0x0739c460, 0x07480000)
  to   space 4352K,   0% used [0x07480000, 0x07480000, 0x078c0000)
 tenured generation   total 87424K, used 24907K [0x0f8a0000, 0x14e00000, 0x24e00000)
   the space 87424K,  28% used [0x0f8a0000, 0x110f2f60, 0x110f3000, 0x14e00000)
 Metaspace       used 18620K, capacity 19084K, committed 19200K, reserved 19840K
Event: 477.487 GC heap after
Heap after GC invocations=6 (full 1):
 def new generation   total 39424K, used 4352K [0x04e00000, 0x078c0000, 0x0f8a0000)
  eden space 35072K,   0% used [0x04e00000, 0x04e00000, 0x07040000)
  from space 4352K, 100% used [0x07480000, 0x078c0000, 0x078c0000)
  to   space 4352K,   0% used [0x07040000, 0x07040000, 0x07480000)
 tenured generation   total 87424K, used 27786K [0x0f8a0000, 0x14e00000, 0x24e00000)
   the space 87424K,  31% used [0x0f8a0000, 0x113c28d0, 0x113c2a00, 0x14e00000)
 Metaspace       used 18620K, capacity 19084K, committed 19200K, reserved 19840K
}

