# JRE version: Java(TM) SE Runtime Environment (8.0_92-b14) (build 1.8.0_92-b14)
# Java VM: Java HotSpot(TM) Client VM (25.92-b14 mixed mode windows-x86 )
Heap:
 def new generation   total 39424K, used 6361K [0x04c00000, 0x076c0000, 0x0f6a0000)
  eden space 35072K,  15% used [0x04c00000, 0x051766a8, 0x06e40000)
  from space 4352K,  17% used [0x07280000, 0x07340120, 0x076c0000)
  to   space 4352K,   0% used [0x06e40000, 0x06e40000, 0x07280000)
 tenured generation   total 87424K, used 47126K [0x0f6a0000, 0x14c00000, 0x24c00000)
   the space 87424K,  53% used [0x0f6a0000, 0x124a5a78, 0x124a5c00, 0x14c00000)
 Metaspace       used 18848K, capacity 19320K, committed 19456K, reserved 19840K
GC Heap History (10 events):
Event: 954.598 GC heap before
{Heap before GC invocations=93 (full 1):
 def new generation   total 39424K, used 35073K [0x04c00000, 0x076c0000, 0x0f6a0000)
  eden space 35072K, 100% used [0x04c00000, 0x06e40000, 0x06e40000)
  from space 4352K,   0% used [0x06e40000, 0x06e407c0, 0x07280000)
  to   space 4352K,   0% used [0x07280000, 0x07280000, 0x076c0000)
 tenured generation   total 87424K, used 41763K [0x0f6a0000, 0x14c00000, 0x24c00000)
   the space 87424K,  47% used [0x0f6a0000, 0x11f68c10, 0x11f68e00, 0x14c00000)
 Metaspace       used 18844K, capacity 19286K, committed 19328K, reserved 19840K
Event: 954.607 GC heap after
Heap after GC invocations=94 (full 1):
 def new generation   total 39424K, used 3028K [0x04c00000, 0x076c0000, 0x0f6a0000)
  eden space 35072K,   0% used [0x04c00000, 0x04c00000, 0x06e40000)
  from space 4352K,  69% used [0x07280000, 0x07575188, 0x076c0000)
  to   space 4352K,   0% used [0x06e40000, 0x06e40000, 0x07280000)
 tenured generation   total 87424K, used 41763K [0x0f6a0000, 0x14c00000, 0x24c00000)
   the space 87424K,  47% used [0x0f6a0000, 0x11f68c10, 0x11f68e00, 0x14c00000)
 Metaspace       used 18844K, capacity 19286K, committed 19328K, reserved 19840K
}
Event: 1095.679 GC heap before
{Heap before GC invocations=94 (full 1):
 def new generation   total 39424K, used 38100K [0x04c00000, 0x076c0000, 0x0f6a0000)
  eden space 35072K, 100% used [0x04c00000, 0x06e40000, 0x06e40000)
  from space 4352K,  69% used [0x07280000, 0x07575188, 0x076c0000)
  to   space 4352K,   0% used [0x06e40000, 0x06e40000, 0x07280000)
 tenured generation   total 87424K, used 41763K [0x0f6a0000, 0x14c00000, 0x24c00000)
   the space 87424K,  47% used [0x0f6a0000, 0x11f68c10, 0x11f68e00, 0x14c00000)
 Metaspace       used 18845K, capacity 19286K, committed 19328K, reserved 19840K
Event: 1095.686 GC heap after
Heap after GC invocations=95 (full 1):
 def new generation   total 39424K, used 940K [0x04c00000, 0x076c0000, 0x0f6a0000)
  eden space 35072K,   0% used [0x04c00000, 0x04c00000, 0x06e40000)
  from space 4352K,  21% used [0x06e40000, 0x06f2b268, 0x07280000)
  to   space 4352K,   0% used [0x07280000, 0x07280000, 0x076c0000)
 tenured generation   total 87424K, used 44415K [0x0f6a0000, 0x14c00000, 0x24c00000)
   the space 87424K,  50% used [0x0f6a0000, 0x121ffd88, 0x121ffe00, 0x14c00000)
 Metaspace       used 18845K, capacity 19286K, committed 19328K, reserved 19840K
}
Event: 1256.897 GC heap before
{Heap before GC invocations=95 (full 1):
 def new generation   total 39424K, used 36012K [0x04c00000, 0x076c0000, 0x0f6a0000)
  eden space 35072K, 100% used [0x04c00000, 0x06e40000, 0x06e40000)
  from space 4352K,  21% used [0x06e40000, 0x06f2b268, 0x07280000)
  to   space 4352K,   0% used [0x07280000, 0x07280000, 0x076c0000)
 tenured generation   total 87424K, used 44415K [0x0f6a0000, 0x14c00000, 0x24c00000)
   the space 87424K,  50% used [0x0f6a0000, 0x121ffd88, 0x121ffe00, 0x14c00000)
 Metaspace       used 18845K, capacity 19286K, committed 19328K, reserved 19840K
Event: 1256.913 GC heap after
Heap after GC invocations=96 (full 1):
 def new generation   total 39424K, used 3347K [0x04c00000, 0x076c0000, 0x0f6a0000)
  eden space 35072K,   0% used [0x04c00000, 0x04c00000, 0x06e40000)
  from space 4352K,  76% used [0x07280000, 0x075c4c78, 0x076c0000)
  to   space 4352K,   0% used [0x06e40000, 0x06e40000, 0x07280000)
 tenured generation   total 87424K, used 44415K [0x0f6a0000, 0x14c00000, 0x24c00000)
   the space 87424K,  50% used [0x0f6a0000, 0x121ffd88, 0x121ffe00, 0x14c00000)
 Metaspace       used 18845K, capacity 19286K, committed 19328K, reserved 19840K
}
Event: 1498.591 GC heap before
{Heap before GC invocations=96 (full 1):
 def new generation   total 39424K, used 38419K [0x04c00000, 0x076c0000, 0x0f6a0000)
  eden space 35072K, 100% used [0x04c00000, 0x06e40000, 0x06e40000)
  from space 4352K,  76% used [0x07280000, 0x075c4c78, 0x076c0000)
  to   space 4352K,   0% used [0x06e40000, 0x06e40000, 0x07280000)
 tenured generation   total 87424K, used 44415K [0x0f6a0000, 0x14c00000, 0x24c00000)
   the space 87424K,  50% used [0x0f6a0000, 0x121ffd88, 0x121ffe00, 0x14c00000)
 Metaspace       used 18847K, capacity 19318K, committed 19328K, reserved 19840K
Event: 1498.606 GC heap after
Heap after GC invocations=97 (full 1):
 def new generation   total 39424K, used 818K [0x04c00000, 0x076c0000, 0x0f6a0000)
  eden space 35072K,   0% used [0x04c00000, 0x04c00000, 0x06e40000)
  from space 4352K,  18% used [0x06e40000, 0x06f0c978, 0x07280000)
  to   space 4352K,   0% used [0x07280000, 0x07280000, 0x076c0000)
 tenured generation   total 87424K, used 47126K [0x0f6a0000, 0x14c00000, 0x24c00000)
   the space 87424K,  53% used [0x0f6a0000, 0x124a5a78, 0x124a5c00, 0x14c00000)
 Metaspace       used 18847K, capacity 19318K, committed 19328K, reserved 19840K
}
Event: 1964.927 GC heap before
{Heap before GC invocations=97 (full 1):
 def new generation   total 39424K, used 35890K [0x04c00000, 0x076c0000, 0x0f6a0000)
  eden space 35072K, 100% used [0x04c00000, 0x06e40000, 0x06e40000)
  from space 4352K,  18% used [0x06e40000, 0x06f0c978, 0x07280000)
  to   space 4352K,   0% used [0x07280000, 0x07280000, 0x076c0000)
 tenured generation   total 87424K, used 47126K [0x0f6a0000, 0x14c00000, 0x24c00000)
   the space 87424K,  53% used [0x0f6a0000, 0x124a5a78, 0x124a5c00, 0x14c00000)
 Metaspace       used 18848K, capacity 19320K, committed 19456K, reserved 19840K
Event: 1964.939 GC heap after
Heap after GC invocations=98 (full 1):
 def new generation   total 39424K, used 768K [0x04c00000, 0x076c0000, 0x0f6a0000)
  eden space 35072K,   0% used [0x04c00000, 0x04c00000, 0x06e40000)
  from space 4352K,  17% used [0x07280000, 0x07340120, 0x076c0000)
  to   space 4352K,   0% used [0x06e40000, 0x06e40000, 0x07280000)
 tenured generation   total 87424K, used 47126K [0x0f6a0000, 0x14c00000, 0x24c00000)
   the space 87424K,  53% used [0x0f6a0000, 0x124a5a78, 0x124a5c00, 0x14c00000)
 Metaspace       used 18848K, capacity 19320K, committed 19456K, reserved 19840K
}

