# JRE version: Java(TM) SE Runtime Environment (8.0_92-b14) (build 1.8.0_92-b14)
# Java VM: Java HotSpot(TM) Client VM (25.92-b14 mixed mode windows-x86 )
Heap:
 def new generation   total 39424K, used 32110K [0x04c00000, 0x076c0000, 0x0f6a0000)
  eden space 35072K,  89% used [0x04c00000, 0x06ad1778, 0x06e40000)
  from space 4352K,  12% used [0x06e40000, 0x06eca128, 0x07280000)
  to   space 4352K,   0% used [0x07280000, 0x07280000, 0x076c0000)
 tenured generation   total 87424K, used 50563K [0x0f6a0000, 0x14c00000, 0x24c00000)
   the space 87424K,  57% used [0x0f6a0000, 0x12800ca0, 0x12800e00, 0x14c00000)
 Metaspace       used 19027K, capacity 19517K, committed 19584K, reserved 19840K
GC Heap History (10 events):
Event: 5416.065 GC heap before
{Heap before GC invocations=42 (full 1):
 def new generation   total 39424K, used 35519K [0x04c00000, 0x076c0000, 0x0f6a0000)
  eden space 35072K, 100% used [0x04c00000, 0x06e40000, 0x06e40000)
  from space 4352K,  10% used [0x07280000, 0x072efc90, 0x076c0000)
  to   space 4352K,   0% used [0x06e40000, 0x06e40000, 0x07280000)
 tenured generation   total 87424K, used 47578K [0x0f6a0000, 0x14c00000, 0x24c00000)
   the space 87424K,  54% used [0x0f6a0000, 0x12516b10, 0x12516c00, 0x14c00000)
 Metaspace       used 19027K, capacity 19517K, committed 19584K, reserved 19840K
Event: 5416.068 GC heap after
Heap after GC invocations=43 (full 1):
 def new generation   total 39424K, used 189K [0x04c00000, 0x076c0000, 0x0f6a0000)
  eden space 35072K,   0% used [0x04c00000, 0x04c00000, 0x06e40000)
  from space 4352K,   4% used [0x06e40000, 0x06e6f5c0, 0x07280000)
  to   space 4352K,   0% used [0x07280000, 0x07280000, 0x076c0000)
 tenured generation   total 87424K, used 47843K [0x0f6a0000, 0x14c00000, 0x24c00000)
   the space 87424K,  54% used [0x0f6a0000, 0x12558d98, 0x12558e00, 0x14c00000)
 Metaspace       used 19027K, capacity 19517K, committed 19584K, reserved 19840K
}
Event: 5420.334 GC heap before
{Heap before GC invocations=43 (full 1):
 def new generation   total 39424K, used 35261K [0x04c00000, 0x076c0000, 0x0f6a0000)
  eden space 35072K, 100% used [0x04c00000, 0x06e40000, 0x06e40000)
  from space 4352K,   4% used [0x06e40000, 0x06e6f5c0, 0x07280000)
  to   space 4352K,   0% used [0x07280000, 0x07280000, 0x076c0000)
 tenured generation   total 87424K, used 47843K [0x0f6a0000, 0x14c00000, 0x24c00000)
   the space 87424K,  54% used [0x0f6a0000, 0x12558d98, 0x12558e00, 0x14c00000)
 Metaspace       used 19027K, capacity 19517K, committed 19584K, reserved 19840K
Event: 5420.336 GC heap after
Heap after GC invocations=44 (full 1):
 def new generation   total 39424K, used 191K [0x04c00000, 0x076c0000, 0x0f6a0000)
  eden space 35072K,   0% used [0x04c00000, 0x04c00000, 0x06e40000)
  from space 4352K,   4% used [0x07280000, 0x072afd88, 0x076c0000)
  to   space 4352K,   0% used [0x06e40000, 0x06e40000, 0x07280000)
 tenured generation   total 87424K, used 47844K [0x0f6a0000, 0x14c00000, 0x24c00000)
   the space 87424K,  54% used [0x0f6a0000, 0x12559240, 0x12559400, 0x14c00000)
 Metaspace       used 19027K, capacity 19517K, committed 19584K, reserved 19840K
}
Event: 5432.914 GC heap before
{Heap before GC invocations=44 (full 1):
 def new generation   total 39424K, used 35263K [0x04c00000, 0x076c0000, 0x0f6a0000)
  eden space 35072K, 100% used [0x04c00000, 0x06e40000, 0x06e40000)
  from space 4352K,   4% used [0x07280000, 0x072afd88, 0x076c0000)
  to   space 4352K,   0% used [0x06e40000, 0x06e40000, 0x07280000)
 tenured generation   total 87424K, used 47844K [0x0f6a0000, 0x14c00000, 0x24c00000)
   the space 87424K,  54% used [0x0f6a0000, 0x12559240, 0x12559400, 0x14c00000)
 Metaspace       used 19027K, capacity 19517K, committed 19584K, reserved 19840K
Event: 5432.916 GC heap after
Heap after GC invocations=45 (full 1):
 def new generation   total 39424K, used 357K [0x04c00000, 0x076c0000, 0x0f6a0000)
  eden space 35072K,   0% used [0x04c00000, 0x04c00000, 0x06e40000)
  from space 4352K,   8% used [0x06e40000, 0x06e99560, 0x07280000)
  to   space 4352K,   0% used [0x07280000, 0x07280000, 0x076c0000)
 tenured generation   total 87424K, used 47844K [0x0f6a0000, 0x14c00000, 0x24c00000)
   the space 87424K,  54% used [0x0f6a0000, 0x12559240, 0x12559400, 0x14c00000)
 Metaspace       used 19027K, capacity 19517K, committed 19584K, reserved 19840K
}
Event: 5454.493 GC heap before
{Heap before GC invocations=45 (full 1):
 def new generation   total 39424K, used 35429K [0x04c00000, 0x076c0000, 0x0f6a0000)
  eden space 35072K, 100% used [0x04c00000, 0x06e40000, 0x06e40000)
  from space 4352K,   8% used [0x06e40000, 0x06e99560, 0x07280000)
  to   space 4352K,   0% used [0x07280000, 0x07280000, 0x076c0000)
 tenured generation   total 87424K, used 47844K [0x0f6a0000, 0x14c00000, 0x24c00000)
   the space 87424K,  54% used [0x0f6a0000, 0x12559240, 0x12559400, 0x14c00000)
 Metaspace       used 19027K, capacity 19517K, committed 19584K, reserved 19840K
Event: 5454.498 GC heap after
Heap after GC invocations=46 (full 1):
 def new generation   total 39424K, used 3140K [0x04c00000, 0x076c0000, 0x0f6a0000)
  eden space 35072K,   0% used [0x04c00000, 0x04c00000, 0x06e40000)
  from space 4352K,  72% used [0x07280000, 0x075912f0, 0x076c0000)
  to   space 4352K,   0% used [0x06e40000, 0x06e40000, 0x07280000)
 tenured generation   total 87424K, used 47844K [0x0f6a0000, 0x14c00000, 0x24c00000)
   the space 87424K,  54% used [0x0f6a0000, 0x12559240, 0x12559400, 0x14c00000)
 Metaspace       used 19027K, capacity 19517K, committed 19584K, reserved 19840K
}
Event: 5524.699 GC heap before
{Heap before GC invocations=46 (full 1):
 def new generation   total 39424K, used 38212K [0x04c00000, 0x076c0000, 0x0f6a0000)
  eden space 35072K, 100% used [0x04c00000, 0x06e40000, 0x06e40000)
  from space 4352K,  72% used [0x07280000, 0x075912f0, 0x076c0000)
  to   space 4352K,   0% used [0x06e40000, 0x06e40000, 0x07280000)
 tenured generation   total 87424K, used 47844K [0x0f6a0000, 0x14c00000, 0x24c00000)
   the space 87424K,  54% used [0x0f6a0000, 0x12559240, 0x12559400, 0x14c00000)
 Metaspace       used 19027K, capacity 19517K, committed 19584K, reserved 19840K
Event: 5524.702 GC heap after
Heap after GC invocations=47 (full 1):
 def new generation   total 39424K, used 552K [0x04c00000, 0x076c0000, 0x0f6a0000)
  eden space 35072K,   0% used [0x04c00000, 0x04c00000, 0x06e40000)
  from space 4352K,  12% used [0x06e40000, 0x06eca128, 0x07280000)
  to   space 4352K,   0% used [0x07280000, 0x07280000, 0x076c0000)
 tenured generation   total 87424K, used 50563K [0x0f6a0000, 0x14c00000, 0x24c00000)
   the space 87424K,  57% used [0x0f6a0000, 0x12800ca0, 0x12800e00, 0x14c00000)
 Metaspace       used 19027K, capacity 19517K, committed 19584K, reserved 19840K
}

