# JRE version: Java(TM) SE Runtime Environment (8.0_92-b14) (build 1.8.0_92-b14)
# Java VM: Java HotSpot(TM) Client VM (25.92-b14 mixed mode windows-x86 )
Heap:
 def new generation   total 39424K, used 34658K [0x05000000, 0x07ac0000, 0x0faa0000)
  eden space 35072K,  97% used [0x05000000, 0x0714ae88, 0x07240000)
  from space 4352K,  13% used [0x07680000, 0x0770db28, 0x07ac0000)
  to   space 4352K,   0% used [0x07240000, 0x07240000, 0x07680000)
 tenured generation   total 87424K, used 43213K [0x0faa0000, 0x15000000, 0x25000000)
   the space 87424K,  49% used [0x0faa0000, 0x124d34f0, 0x124d3600, 0x15000000)
 Metaspace       used 19744K, capacity 20211K, committed 20352K, reserved 20864K
GC Heap History (10 events):
Event: 8214.794 GC heap before
{Heap before GC invocations=127 (full 1):
 def new generation   total 39424K, used 35195K [0x05000000, 0x07ac0000, 0x0faa0000)
  eden space 35072K, 100% used [0x05000000, 0x07240000, 0x07240000)
  from space 4352K,   2% used [0x07240000, 0x0725ec90, 0x07680000)
  to   space 4352K,   0% used [0x07680000, 0x07680000, 0x07ac0000)
 tenured generation   total 87424K, used 43213K [0x0faa0000, 0x15000000, 0x25000000)
   the space 87424K,  49% used [0x0faa0000, 0x124d34f0, 0x124d3600, 0x15000000)
 Metaspace       used 19744K, capacity 20211K, committed 20352K, reserved 20864K
Event: 8214.796 GC heap after
Heap after GC invocations=128 (full 1):
 def new generation   total 39424K, used 122K [0x05000000, 0x07ac0000, 0x0faa0000)
  eden space 35072K,   0% used [0x05000000, 0x05000000, 0x07240000)
  from space 4352K,   2% used [0x07680000, 0x0769eb38, 0x07ac0000)
  to   space 4352K,   0% used [0x07240000, 0x07240000, 0x07680000)
 tenured generation   total 87424K, used 43213K [0x0faa0000, 0x15000000, 0x25000000)
   the space 87424K,  49% used [0x0faa0000, 0x124d34f0, 0x124d3600, 0x15000000)
 Metaspace       used 19744K, capacity 20211K, committed 20352K, reserved 20864K
}
Event: 8220.930 GC heap before
{Heap before GC invocations=128 (full 1):
 def new generation   total 39424K, used 35194K [0x05000000, 0x07ac0000, 0x0faa0000)
  eden space 35072K, 100% used [0x05000000, 0x07240000, 0x07240000)
  from space 4352K,   2% used [0x07680000, 0x0769eb38, 0x07ac0000)
  to   space 4352K,   0% used [0x07240000, 0x07240000, 0x07680000)
 tenured generation   total 87424K, used 43213K [0x0faa0000, 0x15000000, 0x25000000)
   the space 87424K,  49% used [0x0faa0000, 0x124d34f0, 0x124d3600, 0x15000000)
 Metaspace       used 19744K, capacity 20211K, committed 20352K, reserved 20864K
Event: 8220.933 GC heap after
Heap after GC invocations=129 (full 1):
 def new generation   total 39424K, used 122K [0x05000000, 0x07ac0000, 0x0faa0000)
  eden space 35072K,   0% used [0x05000000, 0x05000000, 0x07240000)
  from space 4352K,   2% used [0x07240000, 0x0725eaf8, 0x07680000)
  to   space 4352K,   0% used [0x07680000, 0x07680000, 0x07ac0000)
 tenured generation   total 87424K, used 43213K [0x0faa0000, 0x15000000, 0x25000000)
   the space 87424K,  49% used [0x0faa0000, 0x124d34f0, 0x124d3600, 0x15000000)
 Metaspace       used 19744K, capacity 20211K, committed 20352K, reserved 20864K
}
Event: 8228.792 GC heap before
{Heap before GC invocations=129 (full 1):
 def new generation   total 39424K, used 35194K [0x05000000, 0x07ac0000, 0x0faa0000)
  eden space 35072K, 100% used [0x05000000, 0x07240000, 0x07240000)
  from space 4352K,   2% used [0x07240000, 0x0725eaf8, 0x07680000)
  to   space 4352K,   0% used [0x07680000, 0x07680000, 0x07ac0000)
 tenured generation   total 87424K, used 43213K [0x0faa0000, 0x15000000, 0x25000000)
   the space 87424K,  49% used [0x0faa0000, 0x124d34f0, 0x124d3600, 0x15000000)
 Metaspace       used 19744K, capacity 20211K, committed 20352K, reserved 20864K
Event: 8228.794 GC heap after
Heap after GC invocations=130 (full 1):
 def new generation   total 39424K, used 158K [0x05000000, 0x07ac0000, 0x0faa0000)
  eden space 35072K,   0% used [0x05000000, 0x05000000, 0x07240000)
  from space 4352K,   3% used [0x07680000, 0x076a79a8, 0x07ac0000)
  to   space 4352K,   0% used [0x07240000, 0x07240000, 0x07680000)
 tenured generation   total 87424K, used 43213K [0x0faa0000, 0x15000000, 0x25000000)
   the space 87424K,  49% used [0x0faa0000, 0x124d34f0, 0x124d3600, 0x15000000)
 Metaspace       used 19744K, capacity 20211K, committed 20352K, reserved 20864K
}
Event: 8237.509 GC heap before
{Heap before GC invocations=130 (full 1):
 def new generation   total 39424K, used 35230K [0x05000000, 0x07ac0000, 0x0faa0000)
  eden space 35072K, 100% used [0x05000000, 0x07240000, 0x07240000)
  from space 4352K,   3% used [0x07680000, 0x076a79a8, 0x07ac0000)
  to   space 4352K,   0% used [0x07240000, 0x07240000, 0x07680000)
 tenured generation   total 87424K, used 43213K [0x0faa0000, 0x15000000, 0x25000000)
   the space 87424K,  49% used [0x0faa0000, 0x124d34f0, 0x124d3600, 0x15000000)
 Metaspace       used 19744K, capacity 20211K, committed 20352K, reserved 20864K
Event: 8237.511 GC heap after
Heap after GC invocations=131 (full 1):
 def new generation   total 39424K, used 179K [0x05000000, 0x07ac0000, 0x0faa0000)
  eden space 35072K,   0% used [0x05000000, 0x05000000, 0x07240000)
  from space 4352K,   4% used [0x07240000, 0x0726cce8, 0x07680000)
  to   space 4352K,   0% used [0x07680000, 0x07680000, 0x07ac0000)
 tenured generation   total 87424K, used 43213K [0x0faa0000, 0x15000000, 0x25000000)
   the space 87424K,  49% used [0x0faa0000, 0x124d34f0, 0x124d3600, 0x15000000)
 Metaspace       used 19744K, capacity 20211K, committed 20352K, reserved 20864K
}
Event: 8256.113 GC heap before
{Heap before GC invocations=131 (full 1):
 def new generation   total 39424K, used 35251K [0x05000000, 0x07ac0000, 0x0faa0000)
  eden space 35072K, 100% used [0x05000000, 0x07240000, 0x07240000)
  from space 4352K,   4% used [0x07240000, 0x0726cce8, 0x07680000)
  to   space 4352K,   0% used [0x07680000, 0x07680000, 0x07ac0000)
 tenured generation   total 87424K, used 43213K [0x0faa0000, 0x15000000, 0x25000000)
   the space 87424K,  49% used [0x0faa0000, 0x124d34f0, 0x124d3600, 0x15000000)
 Metaspace       used 19744K, capacity 20211K, committed 20352K, reserved 20864K
Event: 8256.121 GC heap after
Heap after GC invocations=132 (full 1):
 def new generation   total 39424K, used 566K [0x05000000, 0x07ac0000, 0x0faa0000)
  eden space 35072K,   0% used [0x05000000, 0x05000000, 0x07240000)
  from space 4352K,  13% used [0x07680000, 0x0770db28, 0x07ac0000)
  to   space 4352K,   0% used [0x07240000, 0x07240000, 0x07680000)
 tenured generation   total 87424K, used 43213K [0x0faa0000, 0x15000000, 0x25000000)
   the space 87424K,  49% used [0x0faa0000, 0x124d34f0, 0x124d3600, 0x15000000)
 Metaspace       used 19744K, capacity 20211K, committed 20352K, reserved 20864K
}

