# JRE version: Java(TM) SE Runtime Environment (8.0_92-b14) (build 1.8.0_92-b14)
# Java VM: Java HotSpot(TM) Client VM (25.92-b14 mixed mode windows-x86 )
Heap:
 def new generation   total 39424K, used 11895K [0x05000000, 0x07ac0000, 0x0faa0000)
  eden space 35072K,  33% used [0x05000000, 0x05b9d6a0, 0x07240000)
  from space 4352K,   0% used [0x07240000, 0x07240670, 0x07680000)
  to   space 4352K,   0% used [0x07680000, 0x07680000, 0x07ac0000)
 tenured generation   total 87424K, used 57835K [0x0faa0000, 0x15000000, 0x25000000)
   the space 87424K,  66% used [0x0faa0000, 0x1331aff8, 0x1331b000, 0x15000000)
 Metaspace       used 19026K, capacity 19481K, committed 19712K, reserved 19840K
GC Heap History (10 events):
Event: 42951.287 GC heap before
{Heap before GC invocations=3172 (full 2):
 def new generation   total 39424K, used 35075K [0x05000000, 0x07ac0000, 0x0faa0000)
  eden space 35072K, 100% used [0x05000000, 0x07240000, 0x07240000)
  from space 4352K,   0% used [0x07680000, 0x07680df8, 0x07ac0000)
  to   space 4352K,   0% used [0x07240000, 0x07240000, 0x07680000)
 tenured generation   total 87424K, used 57835K [0x0faa0000, 0x15000000, 0x25000000)
   the space 87424K,  66% used [0x0faa0000, 0x1331aff8, 0x1331b000, 0x15000000)
 Metaspace       used 19026K, capacity 19481K, committed 19712K, reserved 19840K
Event: 42951.290 GC heap after
Heap after GC invocations=3173 (full 2):
 def new generation   total 39424K, used 2K [0x05000000, 0x07ac0000, 0x0faa0000)
  eden space 35072K,   0% used [0x05000000, 0x05000000, 0x07240000)
  from space 4352K,   0% used [0x07240000, 0x072409e0, 0x07680000)
  to   space 4352K,   0% used [0x07680000, 0x07680000, 0x07ac0000)
 tenured generation   total 87424K, used 57835K [0x0faa0000, 0x15000000, 0x25000000)
   the space 87424K,  66% used [0x0faa0000, 0x1331aff8, 0x1331b000, 0x15000000)
 Metaspace       used 19026K, capacity 19481K, committed 19712K, reserved 19840K
}
Event: 42962.203 GC heap before
{Heap before GC invocations=3173 (full 2):
 def new generation   total 39424K, used 35074K [0x05000000, 0x07ac0000, 0x0faa0000)
  eden space 35072K, 100% used [0x05000000, 0x07240000, 0x07240000)
  from space 4352K,   0% used [0x07240000, 0x072409e0, 0x07680000)
  to   space 4352K,   0% used [0x07680000, 0x07680000, 0x07ac0000)
 tenured generation   total 87424K, used 57835K [0x0faa0000, 0x15000000, 0x25000000)
   the space 87424K,  66% used [0x0faa0000, 0x1331aff8, 0x1331b000, 0x15000000)
 Metaspace       used 19026K, capacity 19481K, committed 19712K, reserved 19840K
Event: 42962.205 GC heap after
Heap after GC invocations=3174 (full 2):
 def new generation   total 39424K, used 1K [0x05000000, 0x07ac0000, 0x0faa0000)
  eden space 35072K,   0% used [0x05000000, 0x05000000, 0x07240000)
  from space 4352K,   0% used [0x07680000, 0x07680628, 0x07ac0000)
  to   space 4352K,   0% used [0x07240000, 0x07240000, 0x07680000)
 tenured generation   total 87424K, used 57835K [0x0faa0000, 0x15000000, 0x25000000)
   the space 87424K,  66% used [0x0faa0000, 0x1331aff8, 0x1331b000, 0x15000000)
 Metaspace       used 19026K, capacity 19481K, committed 19712K, reserved 19840K
}
Event: 42973.789 GC heap before
{Heap before GC invocations=3174 (full 2):
 def new generation   total 39424K, used 35073K [0x05000000, 0x07ac0000, 0x0faa0000)
  eden space 35072K, 100% used [0x05000000, 0x07240000, 0x07240000)
  from space 4352K,   0% used [0x07680000, 0x07680628, 0x07ac0000)
  to   space 4352K,   0% used [0x07240000, 0x07240000, 0x07680000)
 tenured generation   total 87424K, used 57835K [0x0faa0000, 0x15000000, 0x25000000)
   the space 87424K,  66% used [0x0faa0000, 0x1331aff8, 0x1331b000, 0x15000000)
 Metaspace       used 19026K, capacity 19481K, committed 19712K, reserved 19840K
Event: 42973.791 GC heap after
Heap after GC invocations=3175 (full 2):
 def new generation   total 39424K, used 1K [0x05000000, 0x07ac0000, 0x0faa0000)
  eden space 35072K,   0% used [0x05000000, 0x05000000, 0x07240000)
  from space 4352K,   0% used [0x07240000, 0x07240670, 0x07680000)
  to   space 4352K,   0% used [0x07680000, 0x07680000, 0x07ac0000)
 tenured generation   total 87424K, used 57835K [0x0faa0000, 0x15000000, 0x25000000)
   the space 87424K,  66% used [0x0faa0000, 0x1331aff8, 0x1331b000, 0x15000000)
 Metaspace       used 19026K, capacity 19481K, committed 19712K, reserved 19840K
}
Event: 42984.997 GC heap before
{Heap before GC invocations=3175 (full 2):
 def new generation   total 39424K, used 35073K [0x05000000, 0x07ac0000, 0x0faa0000)
  eden space 35072K, 100% used [0x05000000, 0x07240000, 0x07240000)
  from space 4352K,   0% used [0x07240000, 0x07240670, 0x07680000)
  to   space 4352K,   0% used [0x07680000, 0x07680000, 0x07ac0000)
 tenured generation   total 87424K, used 57835K [0x0faa0000, 0x15000000, 0x25000000)
   the space 87424K,  66% used [0x0faa0000, 0x1331aff8, 0x1331b000, 0x15000000)
 Metaspace       used 19026K, capacity 19481K, committed 19712K, reserved 19840K
Event: 42985.000 GC heap after
Heap after GC invocations=3176 (full 2):
 def new generation   total 39424K, used 1K [0x05000000, 0x07ac0000, 0x0faa0000)
  eden space 35072K,   0% used [0x05000000, 0x05000000, 0x07240000)
  from space 4352K,   0% used [0x07680000, 0x07680678, 0x07ac0000)
  to   space 4352K,   0% used [0x07240000, 0x07240000, 0x07680000)
 tenured generation   total 87424K, used 57835K [0x0faa0000, 0x15000000, 0x25000000)
   the space 87424K,  66% used [0x0faa0000, 0x1331aff8, 0x1331b000, 0x15000000)
 Metaspace       used 19026K, capacity 19481K, committed 19712K, reserved 19840K
}
Event: 42996.308 GC heap before
{Heap before GC invocations=3176 (full 2):
 def new generation   total 39424K, used 35073K [0x05000000, 0x07ac0000, 0x0faa0000)
  eden space 35072K, 100% used [0x05000000, 0x07240000, 0x07240000)
  from space 4352K,   0% used [0x07680000, 0x07680678, 0x07ac0000)
  to   space 4352K,   0% used [0x07240000, 0x07240000, 0x07680000)
 tenured generation   total 87424K, used 57835K [0x0faa0000, 0x15000000, 0x25000000)
   the space 87424K,  66% used [0x0faa0000, 0x1331aff8, 0x1331b000, 0x15000000)
 Metaspace       used 19026K, capacity 19481K, committed 19712K, reserved 19840K
Event: 42996.311 GC heap after
Heap after GC invocations=3177 (full 2):
 def new generation   total 39424K, used 1K [0x05000000, 0x07ac0000, 0x0faa0000)
  eden space 35072K,   0% used [0x05000000, 0x05000000, 0x07240000)
  from space 4352K,   0% used [0x07240000, 0x07240670, 0x07680000)
  to   space 4352K,   0% used [0x07680000, 0x07680000, 0x07ac0000)
 tenured generation   total 87424K, used 57835K [0x0faa0000, 0x15000000, 0x25000000)
   the space 87424K,  66% used [0x0faa0000, 0x1331aff8, 0x1331b000, 0x15000000)
 Metaspace       used 19026K, capacity 19481K, committed 19712K, reserved 19840K
}

