# JRE version: Java(TM) SE Runtime Environment (8.0_92-b14) (build 1.8.0_92-b14)
# Java VM: Java HotSpot(TM) Client VM (25.92-b14 mixed mode windows-x86 )
Heap:
 def new generation   total 39424K, used 34598K [0x04c00000, 0x076c0000, 0x0f6a0000)
  eden space 35072K,  93% used [0x04c00000, 0x06c16eb0, 0x06e40000)
  from space 4352K,  39% used [0x07280000, 0x07432ce0, 0x076c0000)
  to   space 4352K,   0% used [0x06e40000, 0x06e40000, 0x07280000)
 tenured generation   total 87424K, used 39577K [0x0f6a0000, 0x14c00000, 0x24c00000)
   the space 87424K,  45% used [0x0f6a0000, 0x11d46680, 0x11d46800, 0x14c00000)
 Metaspace       used 19019K, capacity 19478K, committed 19584K, reserved 19840K
GC Heap History (10 events):
Event: 1912.455 GC heap before
{Heap before GC invocations=13 (full 1):
 def new generation   total 39424K, used 37176K [0x04c00000, 0x076c0000, 0x0f6a0000)
  eden space 35072K, 100% used [0x04c00000, 0x06e40000, 0x06e40000)
  from space 4352K,  48% used [0x06e40000, 0x0704e028, 0x07280000)
  to   space 4352K,   0% used [0x07280000, 0x07280000, 0x076c0000)
 tenured generation   total 87424K, used 39341K [0x0f6a0000, 0x14c00000, 0x24c00000)
   the space 87424K,  45% used [0x0f6a0000, 0x11d0b490, 0x11d0b600, 0x14c00000)
 Metaspace       used 18931K, capacity 19409K, committed 19456K, reserved 19840K
Event: 1912.463 GC heap after
Heap after GC invocations=14 (full 1):
 def new generation   total 39424K, used 2255K [0x04c00000, 0x076c0000, 0x0f6a0000)
  eden space 35072K,   0% used [0x04c00000, 0x04c00000, 0x06e40000)
  from space 4352K,  51% used [0x07280000, 0x074b3f98, 0x076c0000)
  to   space 4352K,   0% used [0x06e40000, 0x06e40000, 0x07280000)
 tenured generation   total 87424K, used 39341K [0x0f6a0000, 0x14c00000, 0x24c00000)
   the space 87424K,  45% used [0x0f6a0000, 0x11d0b490, 0x11d0b600, 0x14c00000)
 Metaspace       used 18931K, capacity 19409K, committed 19456K, reserved 19840K
}
Event: 2257.829 GC heap before
{Heap before GC invocations=14 (full 1):
 def new generation   total 39424K, used 37327K [0x04c00000, 0x076c0000, 0x0f6a0000)
  eden space 35072K, 100% used [0x04c00000, 0x06e40000, 0x06e40000)
  from space 4352K,  51% used [0x07280000, 0x074b3f98, 0x076c0000)
  to   space 4352K,   0% used [0x06e40000, 0x06e40000, 0x07280000)
 tenured generation   total 87424K, used 39341K [0x0f6a0000, 0x14c00000, 0x24c00000)
   the space 87424K,  45% used [0x0f6a0000, 0x11d0b490, 0x11d0b600, 0x14c00000)
 Metaspace       used 18931K, capacity 19409K, committed 19456K, reserved 19840K
Event: 2257.836 GC heap after
Heap after GC invocations=15 (full 1):
 def new generation   total 39424K, used 1875K [0x04c00000, 0x076c0000, 0x0f6a0000)
  eden space 35072K,   0% used [0x04c00000, 0x04c00000, 0x06e40000)
  from space 4352K,  43% used [0x06e40000, 0x07014f90, 0x07280000)
  to   space 4352K,   0% used [0x07280000, 0x07280000, 0x076c0000)
 tenured generation   total 87424K, used 39577K [0x0f6a0000, 0x14c00000, 0x24c00000)
   the space 87424K,  45% used [0x0f6a0000, 0x11d46680, 0x11d46800, 0x14c00000)
 Metaspace       used 18931K, capacity 19409K, committed 19456K, reserved 19840K
}
Event: 2431.856 GC heap before
{Heap before GC invocations=15 (full 1):
 def new generation   total 39424K, used 36941K [0x04c00000, 0x076c0000, 0x0f6a0000)
  eden space 35072K,  99% used [0x04c00000, 0x06e3e4f8, 0x06e40000)
  from space 4352K,  43% used [0x06e40000, 0x07014f90, 0x07280000)
  to   space 4352K,   0% used [0x07280000, 0x07280000, 0x076c0000)
 tenured generation   total 87424K, used 39577K [0x0f6a0000, 0x14c00000, 0x24c00000)
   the space 87424K,  45% used [0x0f6a0000, 0x11d46680, 0x11d46800, 0x14c00000)
 Metaspace       used 18998K, capacity 19473K, committed 19584K, reserved 19840K
Event: 2431.862 GC heap after
Heap after GC invocations=16 (full 1):
 def new generation   total 39424K, used 1864K [0x04c00000, 0x076c0000, 0x0f6a0000)
  eden space 35072K,   0% used [0x04c00000, 0x04c00000, 0x06e40000)
  from space 4352K,  42% used [0x07280000, 0x07452220, 0x076c0000)
  to   space 4352K,   0% used [0x06e40000, 0x06e40000, 0x07280000)
 tenured generation   total 87424K, used 39577K [0x0f6a0000, 0x14c00000, 0x24c00000)
   the space 87424K,  45% used [0x0f6a0000, 0x11d46680, 0x11d46800, 0x14c00000)
 Metaspace       used 18998K, capacity 19473K, committed 19584K, reserved 19840K
}
Event: 2599.679 GC heap before
{Heap before GC invocations=16 (full 1):
 def new generation   total 39424K, used 36936K [0x04c00000, 0x076c0000, 0x0f6a0000)
  eden space 35072K, 100% used [0x04c00000, 0x06e40000, 0x06e40000)
  from space 4352K,  42% used [0x07280000, 0x07452220, 0x076c0000)
  to   space 4352K,   0% used [0x06e40000, 0x06e40000, 0x07280000)
 tenured generation   total 87424K, used 39577K [0x0f6a0000, 0x14c00000, 0x24c00000)
   the space 87424K,  45% used [0x0f6a0000, 0x11d46680, 0x11d46800, 0x14c00000)
 Metaspace       used 18998K, capacity 19473K, committed 19584K, reserved 19840K
Event: 2599.686 GC heap after
Heap after GC invocations=17 (full 1):
 def new generation   total 39424K, used 1855K [0x04c00000, 0x076c0000, 0x0f6a0000)
  eden space 35072K,   0% used [0x04c00000, 0x04c00000, 0x06e40000)
  from space 4352K,  42% used [0x06e40000, 0x0700ffb8, 0x07280000)
  to   space 4352K,   0% used [0x07280000, 0x07280000, 0x076c0000)
 tenured generation   total 87424K, used 39577K [0x0f6a0000, 0x14c00000, 0x24c00000)
   the space 87424K,  45% used [0x0f6a0000, 0x11d46680, 0x11d46800, 0x14c00000)
 Metaspace       used 18998K, capacity 19473K, committed 19584K, reserved 19840K
}
Event: 3078.759 GC heap before
{Heap before GC invocations=17 (full 1):
 def new generation   total 39424K, used 36927K [0x04c00000, 0x076c0000, 0x0f6a0000)
  eden space 35072K, 100% used [0x04c00000, 0x06e40000, 0x06e40000)
  from space 4352K,  42% used [0x06e40000, 0x0700ffb8, 0x07280000)
  to   space 4352K,   0% used [0x07280000, 0x07280000, 0x076c0000)
 tenured generation   total 87424K, used 39577K [0x0f6a0000, 0x14c00000, 0x24c00000)
   the space 87424K,  45% used [0x0f6a0000, 0x11d46680, 0x11d46800, 0x14c00000)
 Metaspace       used 19004K, capacity 19473K, committed 19584K, reserved 19840K
Event: 3078.767 GC heap after
Heap after GC invocations=18 (full 1):
 def new generation   total 39424K, used 1739K [0x04c00000, 0x076c0000, 0x0f6a0000)
  eden space 35072K,   0% used [0x04c00000, 0x04c00000, 0x06e40000)
  from space 4352K,  39% used [0x07280000, 0x07432ce0, 0x076c0000)
  to   space 4352K,   0% used [0x06e40000, 0x06e40000, 0x07280000)
 tenured generation   total 87424K, used 39577K [0x0f6a0000, 0x14c00000, 0x24c00000)
   the space 87424K,  45% used [0x0f6a0000, 0x11d46680, 0x11d46800, 0x14c00000)
 Metaspace       used 19004K, capacity 19473K, committed 19584K, reserved 19840K
}

