# JRE version: Java(TM) SE Runtime Environment (8.0_92-b14) (build 1.8.0_92-b14)
# Java VM: Java HotSpot(TM) Client VM (25.92-b14 mixed mode windows-x86 )
Heap:
 def new generation   total 39424K, used 28247K [0x04a00000, 0x074c0000, 0x0f4a0000)
  eden space 35072K,  77% used [0x04a00000, 0x0649ee58, 0x06c40000)
  from space 4352K,  22% used [0x07080000, 0x07176f58, 0x074c0000)
  to   space 4352K,   0% used [0x06c40000, 0x06c40000, 0x07080000)
 tenured generation   total 87424K, used 72663K [0x0f4a0000, 0x14a00000, 0x24a00000)
   the space 87424K,  83% used [0x0f4a0000, 0x13b95d18, 0x13b95e00, 0x14a00000)
 Metaspace       used 19120K, capacity 19588K, committed 19712K, reserved 19840K
GC Heap History (10 events):
Event: 9477.626 GC heap before
{Heap before GC invocations=421 (full 1):
 def new generation   total 39424K, used 36762K [0x04a00000, 0x074c0000, 0x0f4a0000)
  eden space 35072K, 100% used [0x04a00000, 0x06c40000, 0x06c40000)
  from space 4352K,  38% used [0x06c40000, 0x06de6bb8, 0x07080000)
  to   space 4352K,   0% used [0x07080000, 0x07080000, 0x074c0000)
 tenured generation   total 87424K, used 72620K [0x0f4a0000, 0x14a00000, 0x24a00000)
   the space 87424K,  83% used [0x0f4a0000, 0x13b8b190, 0x13b8b200, 0x14a00000)
 Metaspace       used 19120K, capacity 19588K, committed 19712K, reserved 19840K
Event: 9477.631 GC heap after
Heap after GC invocations=422 (full 1):
 def new generation   total 39424K, used 1690K [0x04a00000, 0x074c0000, 0x0f4a0000)
  eden space 35072K,   0% used [0x04a00000, 0x04a00000, 0x06c40000)
  from space 4352K,  38% used [0x07080000, 0x07226810, 0x074c0000)
  to   space 4352K,   0% used [0x06c40000, 0x06c40000, 0x07080000)
 tenured generation   total 87424K, used 72620K [0x0f4a0000, 0x14a00000, 0x24a00000)
   the space 87424K,  83% used [0x0f4a0000, 0x13b8b190, 0x13b8b200, 0x14a00000)
 Metaspace       used 19120K, capacity 19588K, committed 19712K, reserved 19840K
}
Event: 9485.468 GC heap before
{Heap before GC invocations=422 (full 1):
 def new generation   total 39424K, used 36762K [0x04a00000, 0x074c0000, 0x0f4a0000)
  eden space 35072K, 100% used [0x04a00000, 0x06c40000, 0x06c40000)
  from space 4352K,  38% used [0x07080000, 0x07226810, 0x074c0000)
  to   space 4352K,   0% used [0x06c40000, 0x06c40000, 0x07080000)
 tenured generation   total 87424K, used 72620K [0x0f4a0000, 0x14a00000, 0x24a00000)
   the space 87424K,  83% used [0x0f4a0000, 0x13b8b190, 0x13b8b200, 0x14a00000)
 Metaspace       used 19120K, capacity 19588K, committed 19712K, reserved 19840K
Event: 9485.473 GC heap after
Heap after GC invocations=423 (full 1):
 def new generation   total 39424K, used 1689K [0x04a00000, 0x074c0000, 0x0f4a0000)
  eden space 35072K,   0% used [0x04a00000, 0x04a00000, 0x06c40000)
  from space 4352K,  38% used [0x06c40000, 0x06de6760, 0x07080000)
  to   space 4352K,   0% used [0x07080000, 0x07080000, 0x074c0000)
 tenured generation   total 87424K, used 72620K [0x0f4a0000, 0x14a00000, 0x24a00000)
   the space 87424K,  83% used [0x0f4a0000, 0x13b8b190, 0x13b8b200, 0x14a00000)
 Metaspace       used 19120K, capacity 19588K, committed 19712K, reserved 19840K
}
Event: 9492.586 GC heap before
{Heap before GC invocations=423 (full 1):
 def new generation   total 39424K, used 36763K [0x04a00000, 0x074c0000, 0x0f4a0000)
  eden space 35072K, 100% used [0x04a00000, 0x06c40000, 0x06c40000)
  from space 4352K,  38% used [0x06c40000, 0x06de6fb0, 0x07080000)
  to   space 4352K,   0% used [0x07080000, 0x07080000, 0x074c0000)
 tenured generation   total 87424K, used 72620K [0x0f4a0000, 0x14a00000, 0x24a00000)
   the space 87424K,  83% used [0x0f4a0000, 0x13b8b190, 0x13b8b200, 0x14a00000)
 Metaspace       used 19120K, capacity 19588K, committed 19712K, reserved 19840K
Event: 9492.592 GC heap after
Heap after GC invocations=424 (full 1):
 def new generation   total 39424K, used 1430K [0x04a00000, 0x074c0000, 0x0f4a0000)
  eden space 35072K,   0% used [0x04a00000, 0x04a00000, 0x06c40000)
  from space 4352K,  32% used [0x07080000, 0x071e5ba8, 0x074c0000)
  to   space 4352K,   0% used [0x06c40000, 0x06c40000, 0x07080000)
 tenured generation   total 87424K, used 72622K [0x0f4a0000, 0x14a00000, 0x24a00000)
   the space 87424K,  83% used [0x0f4a0000, 0x13b8ba48, 0x13b8bc00, 0x14a00000)
 Metaspace       used 19120K, capacity 19588K, committed 19712K, reserved 19840K
}
Event: 9531.746 GC heap before
{Heap before GC invocations=424 (full 1):
 def new generation   total 39424K, used 36502K [0x04a00000, 0x074c0000, 0x0f4a0000)
  eden space 35072K, 100% used [0x04a00000, 0x06c40000, 0x06c40000)
  from space 4352K,  32% used [0x07080000, 0x071e5ba8, 0x074c0000)
  to   space 4352K,   0% used [0x06c40000, 0x06c40000, 0x07080000)
 tenured generation   total 87424K, used 72622K [0x0f4a0000, 0x14a00000, 0x24a00000)
   the space 87424K,  83% used [0x0f4a0000, 0x13b8ba48, 0x13b8bc00, 0x14a00000)
 Metaspace       used 19120K, capacity 19588K, committed 19712K, reserved 19840K
Event: 9531.753 GC heap after
Heap after GC invocations=425 (full 1):
 def new generation   total 39424K, used 881K [0x04a00000, 0x074c0000, 0x0f4a0000)
  eden space 35072K,   0% used [0x04a00000, 0x04a00000, 0x06c40000)
  from space 4352K,  20% used [0x06c40000, 0x06d1c558, 0x07080000)
  to   space 4352K,   0% used [0x07080000, 0x07080000, 0x074c0000)
 tenured generation   total 87424K, used 72663K [0x0f4a0000, 0x14a00000, 0x24a00000)
   the space 87424K,  83% used [0x0f4a0000, 0x13b95d18, 0x13b95e00, 0x14a00000)
 Metaspace       used 19120K, capacity 19588K, committed 19712K, reserved 19840K
}
Event: 9610.682 GC heap before
{Heap before GC invocations=425 (full 1):
 def new generation   total 39424K, used 35953K [0x04a00000, 0x074c0000, 0x0f4a0000)
  eden space 35072K, 100% used [0x04a00000, 0x06c40000, 0x06c40000)
  from space 4352K,  20% used [0x06c40000, 0x06d1c558, 0x07080000)
  to   space 4352K,   0% used [0x07080000, 0x07080000, 0x074c0000)
 tenured generation   total 87424K, used 72663K [0x0f4a0000, 0x14a00000, 0x24a00000)
   the space 87424K,  83% used [0x0f4a0000, 0x13b95d18, 0x13b95e00, 0x14a00000)
 Metaspace       used 19120K, capacity 19588K, committed 19712K, reserved 19840K
Event: 9610.693 GC heap after
Heap after GC invocations=426 (full 1):
 def new generation   total 39424K, used 987K [0x04a00000, 0x074c0000, 0x0f4a0000)
  eden space 35072K,   0% used [0x04a00000, 0x04a00000, 0x06c40000)
  from space 4352K,  22% used [0x07080000, 0x07176f58, 0x074c0000)
  to   space 4352K,   0% used [0x06c40000, 0x06c40000, 0x07080000)
 tenured generation   total 87424K, used 72663K [0x0f4a0000, 0x14a00000, 0x24a00000)
   the space 87424K,  83% used [0x0f4a0000, 0x13b95d18, 0x13b95e00, 0x14a00000)
 Metaspace       used 19120K, capacity 19588K, committed 19712K, reserved 19840K
}

