# JRE version: Java(TM) SE Runtime Environment (8.0_92-b14) (build 1.8.0_92-b14)
# Java VM: Java HotSpot(TM) Client VM (25.92-b14 mixed mode windows-x86 )
Heap:
 def new generation   total 39424K, used 2787K [0x05000000, 0x07ac0000, 0x0faa0000)
  eden space 35072K,   7% used [0x05000000, 0x052b8568, 0x07240000)
  from space 4352K,   0% used [0x07680000, 0x07680758, 0x07ac0000)
  to   space 4352K,   0% used [0x07240000, 0x07240000, 0x07680000)
 tenured generation   total 87424K, used 55655K [0x0faa0000, 0x15000000, 0x25000000)
   the space 87424K,  63% used [0x0faa0000, 0x130f9e10, 0x130fa000, 0x15000000)
 Metaspace       used 18975K, capacity 19443K, committed 19456K, reserved 19840K
GC Heap History (10 events):
Event: 3080.587 GC heap before
{Heap before GC invocations=525 (full 1):
 def new generation   total 39424K, used 35073K [0x05000000, 0x07ac0000, 0x0faa0000)
  eden space 35072K, 100% used [0x05000000, 0x07240000, 0x07240000)
  from space 4352K,   0% used [0x07240000, 0x07240778, 0x07680000)
  to   space 4352K,   0% used [0x07680000, 0x07680000, 0x07ac0000)
 tenured generation   total 87424K, used 55655K [0x0faa0000, 0x15000000, 0x25000000)
   the space 87424K,  63% used [0x0faa0000, 0x130f9e10, 0x130fa000, 0x15000000)
 Metaspace       used 18975K, capacity 19443K, committed 19456K, reserved 19840K
Event: 3080.588 GC heap after
Heap after GC invocations=526 (full 1):
 def new generation   total 39424K, used 1K [0x05000000, 0x07ac0000, 0x0faa0000)
  eden space 35072K,   0% used [0x05000000, 0x05000000, 0x07240000)
  from space 4352K,   0% used [0x07680000, 0x07680778, 0x07ac0000)
  to   space 4352K,   0% used [0x07240000, 0x07240000, 0x07680000)
 tenured generation   total 87424K, used 55655K [0x0faa0000, 0x15000000, 0x25000000)
   the space 87424K,  63% used [0x0faa0000, 0x130f9e10, 0x130fa000, 0x15000000)
 Metaspace       used 18975K, capacity 19443K, committed 19456K, reserved 19840K
}
Event: 3087.877 GC heap before
{Heap before GC invocations=526 (full 1):
 def new generation   total 39424K, used 35073K [0x05000000, 0x07ac0000, 0x0faa0000)
  eden space 35072K, 100% used [0x05000000, 0x07240000, 0x07240000)
  from space 4352K,   0% used [0x07680000, 0x07680778, 0x07ac0000)
  to   space 4352K,   0% used [0x07240000, 0x07240000, 0x07680000)
 tenured generation   total 87424K, used 55655K [0x0faa0000, 0x15000000, 0x25000000)
   the space 87424K,  63% used [0x0faa0000, 0x130f9e10, 0x130fa000, 0x15000000)
 Metaspace       used 18975K, capacity 19443K, committed 19456K, reserved 19840K
Event: 3087.879 GC heap after
Heap after GC invocations=527 (full 1):
 def new generation   total 39424K, used 1K [0x05000000, 0x07ac0000, 0x0faa0000)
  eden space 35072K,   0% used [0x05000000, 0x05000000, 0x07240000)
  from space 4352K,   0% used [0x07240000, 0x07240778, 0x07680000)
  to   space 4352K,   0% used [0x07680000, 0x07680000, 0x07ac0000)
 tenured generation   total 87424K, used 55655K [0x0faa0000, 0x15000000, 0x25000000)
   the space 87424K,  63% used [0x0faa0000, 0x130f9e10, 0x130fa000, 0x15000000)
 Metaspace       used 18975K, capacity 19443K, committed 19456K, reserved 19840K
}
Event: 3095.580 GC heap before
{Heap before GC invocations=527 (full 1):
 def new generation   total 39424K, used 35073K [0x05000000, 0x07ac0000, 0x0faa0000)
  eden space 35072K, 100% used [0x05000000, 0x07240000, 0x07240000)
  from space 4352K,   0% used [0x07240000, 0x07240778, 0x07680000)
  to   space 4352K,   0% used [0x07680000, 0x07680000, 0x07ac0000)
 tenured generation   total 87424K, used 55655K [0x0faa0000, 0x15000000, 0x25000000)
   the space 87424K,  63% used [0x0faa0000, 0x130f9e10, 0x130fa000, 0x15000000)
 Metaspace       used 18975K, capacity 19443K, committed 19456K, reserved 19840K
Event: 3095.582 GC heap after
Heap after GC invocations=528 (full 1):
 def new generation   total 39424K, used 1K [0x05000000, 0x07ac0000, 0x0faa0000)
  eden space 35072K,   0% used [0x05000000, 0x05000000, 0x07240000)
  from space 4352K,   0% used [0x07680000, 0x07680788, 0x07ac0000)
  to   space 4352K,   0% used [0x07240000, 0x07240000, 0x07680000)
 tenured generation   total 87424K, used 55655K [0x0faa0000, 0x15000000, 0x25000000)
   the space 87424K,  63% used [0x0faa0000, 0x130f9e10, 0x130fa000, 0x15000000)
 Metaspace       used 18975K, capacity 19443K, committed 19456K, reserved 19840K
}
Event: 3103.230 GC heap before
{Heap before GC invocations=528 (full 1):
 def new generation   total 39424K, used 35073K [0x05000000, 0x07ac0000, 0x0faa0000)
  eden space 35072K, 100% used [0x05000000, 0x07240000, 0x07240000)
  from space 4352K,   0% used [0x07680000, 0x07680788, 0x07ac0000)
  to   space 4352K,   0% used [0x07240000, 0x07240000, 0x07680000)
 tenured generation   total 87424K, used 55655K [0x0faa0000, 0x15000000, 0x25000000)
   the space 87424K,  63% used [0x0faa0000, 0x130f9e10, 0x130fa000, 0x15000000)
 Metaspace       used 18975K, capacity 19443K, committed 19456K, reserved 19840K
Event: 3103.231 GC heap after
Heap after GC invocations=529 (full 1):
 def new generation   total 39424K, used 1K [0x05000000, 0x07ac0000, 0x0faa0000)
  eden space 35072K,   0% used [0x05000000, 0x05000000, 0x07240000)
  from space 4352K,   0% used [0x07240000, 0x07240778, 0x07680000)
  to   space 4352K,   0% used [0x07680000, 0x07680000, 0x07ac0000)
 tenured generation   total 87424K, used 55655K [0x0faa0000, 0x15000000, 0x25000000)
   the space 87424K,  63% used [0x0faa0000, 0x130f9e10, 0x130fa000, 0x15000000)
 Metaspace       used 18975K, capacity 19443K, committed 19456K, reserved 19840K
}
Event: 3112.064 GC heap before
{Heap before GC invocations=529 (full 1):
 def new generation   total 39424K, used 35073K [0x05000000, 0x07ac0000, 0x0faa0000)
  eden space 35072K, 100% used [0x05000000, 0x07240000, 0x07240000)
  from space 4352K,   0% used [0x07240000, 0x07240778, 0x07680000)
  to   space 4352K,   0% used [0x07680000, 0x07680000, 0x07ac0000)
 tenured generation   total 87424K, used 55655K [0x0faa0000, 0x15000000, 0x25000000)
   the space 87424K,  63% used [0x0faa0000, 0x130f9e10, 0x130fa000, 0x15000000)
 Metaspace       used 18975K, capacity 19443K, committed 19456K, reserved 19840K
Event: 3112.065 GC heap after
Heap after GC invocations=530 (full 1):
 def new generation   total 39424K, used 1K [0x05000000, 0x07ac0000, 0x0faa0000)
  eden space 35072K,   0% used [0x05000000, 0x05000000, 0x07240000)
  from space 4352K,   0% used [0x07680000, 0x07680758, 0x07ac0000)
  to   space 4352K,   0% used [0x07240000, 0x07240000, 0x07680000)
 tenured generation   total 87424K, used 55655K [0x0faa0000, 0x15000000, 0x25000000)
   the space 87424K,  63% used [0x0faa0000, 0x130f9e10, 0x130fa000, 0x15000000)
 Metaspace       used 18975K, capacity 19443K, committed 19456K, reserved 19840K
}

