# JRE version: Java(TM) SE Runtime Environment (8.0_92-b14) (build 1.8.0_92-b14)
# Java VM: Java HotSpot(TM) Client VM (25.92-b14 mixed mode windows-x86 )
Heap:
 def new generation   total 39424K, used 14016K [0x04600000, 0x070c0000, 0x0f0a0000)
  eden space 35072K,  35% used [0x04600000, 0x05206538, 0x06840000)
  from space 4352K,  39% used [0x06840000, 0x069e9b90, 0x06c80000)
  to   space 4352K,   0% used [0x06c80000, 0x06c80000, 0x070c0000)
 tenured generation   total 87424K, used 35185K [0x0f0a0000, 0x14600000, 0x24600000)
   the space 87424K,  40% used [0x0f0a0000, 0x112fc518, 0x112fc600, 0x14600000)
 Metaspace       used 18636K, capacity 19096K, committed 19200K, reserved 19840K
GC Heap History (10 events):
Event: 1589.344 GC heap before
{Heap before GC invocations=8 (full 1):
 def new generation   total 39424K, used 36968K [0x04600000, 0x070c0000, 0x0f0a0000)
  eden space 35072K, 100% used [0x04600000, 0x06840000, 0x06840000)
  from space 4352K,  43% used [0x06c80000, 0x06e5a0b8, 0x070c0000)
  to   space 4352K,   0% used [0x06840000, 0x06840000, 0x06c80000)
 tenured generation   total 87424K, used 34041K [0x0f0a0000, 0x14600000, 0x24600000)
   the space 87424K,  38% used [0x0f0a0000, 0x111de780, 0x111de800, 0x14600000)
 Metaspace       used 18616K, capacity 19061K, committed 19072K, reserved 19840K
Event: 1589.351 GC heap after
Heap after GC invocations=9 (full 1):
 def new generation   total 39424K, used 3094K [0x04600000, 0x070c0000, 0x0f0a0000)
  eden space 35072K,   0% used [0x04600000, 0x04600000, 0x06840000)
  from space 4352K,  71% used [0x06840000, 0x06b45870, 0x06c80000)
  to   space 4352K,   0% used [0x06c80000, 0x06c80000, 0x070c0000)
 tenured generation   total 87424K, used 34041K [0x0f0a0000, 0x14600000, 0x24600000)
   the space 87424K,  38% used [0x0f0a0000, 0x111de780, 0x111de800, 0x14600000)
 Metaspace       used 18616K, capacity 19061K, committed 19072K, reserved 19840K
}
Event: 1879.135 GC heap before
{Heap before GC invocations=9 (full 1):
 def new generation   total 39424K, used 37730K [0x04600000, 0x070c0000, 0x0f0a0000)
  eden space 35072K,  98% used [0x04600000, 0x067d2fb0, 0x06840000)
  from space 4352K,  71% used [0x06840000, 0x06b45870, 0x06c80000)
  to   space 4352K,   0% used [0x06c80000, 0x06c80000, 0x070c0000)
 tenured generation   total 87424K, used 34041K [0x0f0a0000, 0x14600000, 0x24600000)
   the space 87424K,  38% used [0x0f0a0000, 0x111de780, 0x111de800, 0x14600000)
 Metaspace       used 18617K, capacity 19061K, committed 19072K, reserved 19840K
Event: 1879.147 GC heap after
Heap after GC invocations=10 (full 1):
 def new generation   total 39424K, used 937K [0x04600000, 0x070c0000, 0x0f0a0000)
  eden space 35072K,   0% used [0x04600000, 0x04600000, 0x06840000)
  from space 4352K,  21% used [0x06c80000, 0x06d6a6e0, 0x070c0000)
  to   space 4352K,   0% used [0x06840000, 0x06840000, 0x06c80000)
 tenured generation   total 87424K, used 35185K [0x0f0a0000, 0x14600000, 0x24600000)
   the space 87424K,  40% used [0x0f0a0000, 0x112fc518, 0x112fc600, 0x14600000)
 Metaspace       used 18617K, capacity 19061K, committed 19072K, reserved 19840K
}
Event: 2190.959 GC heap before
{Heap before GC invocations=10 (full 1):
 def new generation   total 39424K, used 36009K [0x04600000, 0x070c0000, 0x0f0a0000)
  eden space 35072K, 100% used [0x04600000, 0x06840000, 0x06840000)
  from space 4352K,  21% used [0x06c80000, 0x06d6a6e0, 0x070c0000)
  to   space 4352K,   0% used [0x06840000, 0x06840000, 0x06c80000)
 tenured generation   total 87424K, used 35185K [0x0f0a0000, 0x14600000, 0x24600000)
   the space 87424K,  40% used [0x0f0a0000, 0x112fc518, 0x112fc600, 0x14600000)
 Metaspace       used 18635K, capacity 19096K, committed 19200K, reserved 19840K
Event: 2190.967 GC heap after
Heap after GC invocations=11 (full 1):
 def new generation   total 39424K, used 1611K [0x04600000, 0x070c0000, 0x0f0a0000)
  eden space 35072K,   0% used [0x04600000, 0x04600000, 0x06840000)
  from space 4352K,  37% used [0x06840000, 0x069d2e20, 0x06c80000)
  to   space 4352K,   0% used [0x06c80000, 0x06c80000, 0x070c0000)
 tenured generation   total 87424K, used 35185K [0x0f0a0000, 0x14600000, 0x24600000)
   the space 87424K,  40% used [0x0f0a0000, 0x112fc518, 0x112fc600, 0x14600000)
 Metaspace       used 18635K, capacity 19096K, committed 19200K, reserved 19840K
}
Event: 2510.620 GC heap before
{Heap before GC invocations=11 (full 1):
 def new generation   total 39424K, used 36683K [0x04600000, 0x070c0000, 0x0f0a0000)
  eden space 35072K, 100% used [0x04600000, 0x06840000, 0x06840000)
  from space 4352K,  37% used [0x06840000, 0x069d2e20, 0x06c80000)
  to   space 4352K,   0% used [0x06c80000, 0x06c80000, 0x070c0000)
 tenured generation   total 87424K, used 35185K [0x0f0a0000, 0x14600000, 0x24600000)
   the space 87424K,  40% used [0x0f0a0000, 0x112fc518, 0x112fc600, 0x14600000)
 Metaspace       used 18636K, capacity 19096K, committed 19200K, reserved 19840K
Event: 2510.625 GC heap after
Heap after GC invocations=12 (full 1):
 def new generation   total 39424K, used 1345K [0x04600000, 0x070c0000, 0x0f0a0000)
  eden space 35072K,   0% used [0x04600000, 0x04600000, 0x06840000)
  from space 4352K,  30% used [0x06c80000, 0x06dd0570, 0x070c0000)
  to   space 4352K,   0% used [0x06840000, 0x06840000, 0x06c80000)
 tenured generation   total 87424K, used 35185K [0x0f0a0000, 0x14600000, 0x24600000)
   the space 87424K,  40% used [0x0f0a0000, 0x112fc518, 0x112fc600, 0x14600000)
 Metaspace       used 18636K, capacity 19096K, committed 19200K, reserved 19840K
}
Event: 3371.303 GC heap before
{Heap before GC invocations=12 (full 1):
 def new generation   total 39424K, used 36417K [0x04600000, 0x070c0000, 0x0f0a0000)
  eden space 35072K, 100% used [0x04600000, 0x06840000, 0x06840000)
  from space 4352K,  30% used [0x06c80000, 0x06dd0570, 0x070c0000)
  to   space 4352K,   0% used [0x06840000, 0x06840000, 0x06c80000)
 tenured generation   total 87424K, used 35185K [0x0f0a0000, 0x14600000, 0x24600000)
   the space 87424K,  40% used [0x0f0a0000, 0x112fc518, 0x112fc600, 0x14600000)
 Metaspace       used 18636K, capacity 19096K, committed 19200K, reserved 19840K
Event: 3371.312 GC heap after
Heap after GC invocations=13 (full 1):
 def new generation   total 39424K, used 1702K [0x04600000, 0x070c0000, 0x0f0a0000)
  eden space 35072K,   0% used [0x04600000, 0x04600000, 0x06840000)
  from space 4352K,  39% used [0x06840000, 0x069e9b90, 0x06c80000)
  to   space 4352K,   0% used [0x06c80000, 0x06c80000, 0x070c0000)
 tenured generation   total 87424K, used 35185K [0x0f0a0000, 0x14600000, 0x24600000)
   the space 87424K,  40% used [0x0f0a0000, 0x112fc518, 0x112fc600, 0x14600000)
 Metaspace       used 18636K, capacity 19096K, committed 19200K, reserved 19840K
}

