# JRE version: Java(TM) SE Runtime Environment (8.0_92-b14) (build 1.8.0_92-b14)
# Java VM: Java HotSpot(TM) Client VM (25.92-b14 mixed mode windows-x86 )
Heap:
 def new generation   total 39424K, used 5698K [0x04a00000, 0x074c0000, 0x0f4a0000)
  eden space 35072K,  16% used [0x04a00000, 0x04f7b3c8, 0x06c40000)
  from space 4352K,   1% used [0x06c40000, 0x06c55640, 0x07080000)
  to   space 4352K,   0% used [0x07080000, 0x07080000, 0x074c0000)
 tenured generation   total 87424K, used 53707K [0x0f4a0000, 0x14a00000, 0x24a00000)
   the space 87424K,  61% used [0x0f4a0000, 0x12912f20, 0x12913000, 0x14a00000)
 Metaspace       used 19226K, capacity 19712K, committed 19840K, reserved 19840K
GC Heap History (10 events):
Event: 7709.994 GC heap before
{Heap before GC invocations=172 (full 1):
 def new generation   total 39424K, used 35112K [0x04a00000, 0x074c0000, 0x0f4a0000)
  eden space 35072K, 100% used [0x04a00000, 0x06c40000, 0x06c40000)
  from space 4352K,   0% used [0x07080000, 0x0708a3b8, 0x074c0000)
  to   space 4352K,   0% used [0x06c40000, 0x06c40000, 0x07080000)
 tenured generation   total 87424K, used 53678K [0x0f4a0000, 0x14a00000, 0x24a00000)
   the space 87424K,  61% used [0x0f4a0000, 0x1290bbb8, 0x1290bc00, 0x14a00000)
 Metaspace       used 19226K, capacity 19712K, committed 19840K, reserved 19840K
Event: 7709.996 GC heap after
Heap after GC invocations=173 (full 1):
 def new generation   total 39424K, used 40K [0x04a00000, 0x074c0000, 0x0f4a0000)
  eden space 35072K,   0% used [0x04a00000, 0x04a00000, 0x06c40000)
  from space 4352K,   0% used [0x06c40000, 0x06c4a138, 0x07080000)
  to   space 4352K,   0% used [0x07080000, 0x07080000, 0x074c0000)
 tenured generation   total 87424K, used 53678K [0x0f4a0000, 0x14a00000, 0x24a00000)
   the space 87424K,  61% used [0x0f4a0000, 0x1290bbb8, 0x1290bc00, 0x14a00000)
 Metaspace       used 19226K, capacity 19712K, committed 19840K, reserved 19840K
}
Event: 7719.618 GC heap before
{Heap before GC invocations=173 (full 1):
 def new generation   total 39424K, used 35112K [0x04a00000, 0x074c0000, 0x0f4a0000)
  eden space 35072K, 100% used [0x04a00000, 0x06c40000, 0x06c40000)
  from space 4352K,   0% used [0x06c40000, 0x06c4a138, 0x07080000)
  to   space 4352K,   0% used [0x07080000, 0x07080000, 0x074c0000)
 tenured generation   total 87424K, used 53678K [0x0f4a0000, 0x14a00000, 0x24a00000)
   the space 87424K,  61% used [0x0f4a0000, 0x1290bbb8, 0x1290bc00, 0x14a00000)
 Metaspace       used 19226K, capacity 19712K, committed 19840K, reserved 19840K
Event: 7719.620 GC heap after
Heap after GC invocations=174 (full 1):
 def new generation   total 39424K, used 38K [0x04a00000, 0x074c0000, 0x0f4a0000)
  eden space 35072K,   0% used [0x04a00000, 0x04a00000, 0x06c40000)
  from space 4352K,   0% used [0x07080000, 0x07089bf0, 0x074c0000)
  to   space 4352K,   0% used [0x06c40000, 0x06c40000, 0x07080000)
 tenured generation   total 87424K, used 53680K [0x0f4a0000, 0x14a00000, 0x24a00000)
   the space 87424K,  61% used [0x0f4a0000, 0x1290c118, 0x1290c200, 0x14a00000)
 Metaspace       used 19226K, capacity 19712K, committed 19840K, reserved 19840K
}
Event: 7731.673 GC heap before
{Heap before GC invocations=174 (full 1):
 def new generation   total 39424K, used 35110K [0x04a00000, 0x074c0000, 0x0f4a0000)
  eden space 35072K, 100% used [0x04a00000, 0x06c40000, 0x06c40000)
  from space 4352K,   0% used [0x07080000, 0x07089bf0, 0x074c0000)
  to   space 4352K,   0% used [0x06c40000, 0x06c40000, 0x07080000)
 tenured generation   total 87424K, used 53680K [0x0f4a0000, 0x14a00000, 0x24a00000)
   the space 87424K,  61% used [0x0f4a0000, 0x1290c118, 0x1290c200, 0x14a00000)
 Metaspace       used 19226K, capacity 19712K, committed 19840K, reserved 19840K
Event: 7731.676 GC heap after
Heap after GC invocations=175 (full 1):
 def new generation   total 39424K, used 12K [0x04a00000, 0x074c0000, 0x0f4a0000)
  eden space 35072K,   0% used [0x04a00000, 0x04a00000, 0x06c40000)
  from space 4352K,   0% used [0x06c40000, 0x06c430f0, 0x07080000)
  to   space 4352K,   0% used [0x07080000, 0x07080000, 0x074c0000)
 tenured generation   total 87424K, used 53707K [0x0f4a0000, 0x14a00000, 0x24a00000)
   the space 87424K,  61% used [0x0f4a0000, 0x12912f20, 0x12913000, 0x14a00000)
 Metaspace       used 19226K, capacity 19712K, committed 19840K, reserved 19840K
}
Event: 7740.364 GC heap before
{Heap before GC invocations=175 (full 1):
 def new generation   total 39424K, used 35084K [0x04a00000, 0x074c0000, 0x0f4a0000)
  eden space 35072K, 100% used [0x04a00000, 0x06c40000, 0x06c40000)
  from space 4352K,   0% used [0x06c40000, 0x06c430f0, 0x07080000)
  to   space 4352K,   0% used [0x07080000, 0x07080000, 0x074c0000)
 tenured generation   total 87424K, used 53707K [0x0f4a0000, 0x14a00000, 0x24a00000)
   the space 87424K,  61% used [0x0f4a0000, 0x12912f20, 0x12913000, 0x14a00000)
 Metaspace       used 19226K, capacity 19712K, committed 19840K, reserved 19840K
Event: 7740.366 GC heap after
Heap after GC invocations=176 (full 1):
 def new generation   total 39424K, used 77K [0x04a00000, 0x074c0000, 0x0f4a0000)
  eden space 35072K,   0% used [0x04a00000, 0x04a00000, 0x06c40000)
  from space 4352K,   1% used [0x07080000, 0x070937e0, 0x074c0000)
  to   space 4352K,   0% used [0x06c40000, 0x06c40000, 0x07080000)
 tenured generation   total 87424K, used 53707K [0x0f4a0000, 0x14a00000, 0x24a00000)
   the space 87424K,  61% used [0x0f4a0000, 0x12912f20, 0x12913000, 0x14a00000)
 Metaspace       used 19226K, capacity 19712K, committed 19840K, reserved 19840K
}
Event: 7748.110 GC heap before
{Heap before GC invocations=176 (full 1):
 def new generation   total 39424K, used 35149K [0x04a00000, 0x074c0000, 0x0f4a0000)
  eden space 35072K, 100% used [0x04a00000, 0x06c40000, 0x06c40000)
  from space 4352K,   1% used [0x07080000, 0x070937e0, 0x074c0000)
  to   space 4352K,   0% used [0x06c40000, 0x06c40000, 0x07080000)
 tenured generation   total 87424K, used 53707K [0x0f4a0000, 0x14a00000, 0x24a00000)
   the space 87424K,  61% used [0x0f4a0000, 0x12912f20, 0x12913000, 0x14a00000)
 Metaspace       used 19226K, capacity 19712K, committed 19840K, reserved 19840K
Event: 7748.113 GC heap after
Heap after GC invocations=177 (full 1):
 def new generation   total 39424K, used 85K [0x04a00000, 0x074c0000, 0x0f4a0000)
  eden space 35072K,   0% used [0x04a00000, 0x04a00000, 0x06c40000)
  from space 4352K,   1% used [0x06c40000, 0x06c55640, 0x07080000)
  to   space 4352K,   0% used [0x07080000, 0x07080000, 0x074c0000)
 tenured generation   total 87424K, used 53707K [0x0f4a0000, 0x14a00000, 0x24a00000)
   the space 87424K,  61% used [0x0f4a0000, 0x12912f20, 0x12913000, 0x14a00000)
 Metaspace       used 19226K, capacity 19712K, committed 19840K, reserved 19840K
}

