# JRE version: Java(TM) SE Runtime Environment (8.0_92-b14) (build 1.8.0_92-b14)
# Java VM: Java HotSpot(TM) Client VM (25.92-b14 mixed mode windows-x86 )
Heap:
 def new generation   total 39424K, used 28977K [0x05400000, 0x07ec0000, 0x0fea0000)
  eden space 35072K,  80% used [0x05400000, 0x06f7b448, 0x07640000)
  from space 4352K,  19% used [0x07640000, 0x077110c8, 0x07a80000)
  to   space 4352K,   0% used [0x07a80000, 0x07a80000, 0x07ec0000)
 tenured generation   total 87424K, used 31627K [0x0fea0000, 0x15400000, 0x25400000)
   the space 87424K,  36% used [0x0fea0000, 0x11d82f00, 0x11d83000, 0x15400000)
 Metaspace       used 18602K, capacity 19081K, committed 19200K, reserved 19840K
GC Heap History (10 events):
Event: 7.149 GC heap before
{Heap before GC invocations=2 (full 0):
 def new generation   total 39296K, used 14201K [0x05400000, 0x07ea0000, 0x0fea0000)
  eden space 34944K,  28% used [0x05400000, 0x05d9e7c8, 0x07620000)
  from space 4352K, 100% used [0x07620000, 0x07a60000, 0x07a60000)
  to   space 4352K,   0% used [0x07a60000, 0x07a60000, 0x07ea0000)
 tenured generation   total 87424K, used 9383K [0x0fea0000, 0x15400000, 0x25400000)
   the space 87424K,  10% used [0x0fea0000, 0x107c9e48, 0x107ca000, 0x15400000)
 Metaspace       used 11914K, capacity 12254K, committed 12288K, reserved 12672K
Event: 7.213 GC heap after
Heap after GC invocations=3 (full 1):
 def new generation   total 39424K, used 0K [0x05400000, 0x07ec0000, 0x0fea0000)
  eden space 35072K,   0% used [0x05400000, 0x05400000, 0x07640000)
  from space 4352K,   0% used [0x07640000, 0x07640000, 0x07a80000)
  to   space 4352K,   0% used [0x07a80000, 0x07a80000, 0x07ec0000)
 tenured generation   total 87424K, used 14821K [0x0fea0000, 0x15400000, 0x25400000)
   the space 87424K,  16% used [0x0fea0000, 0x10d194a0, 0x10d19600, 0x15400000)
 Metaspace       used 11914K, capacity 12254K, committed 12288K, reserved 12672K
}
Event: 9.949 GC heap before
{Heap before GC invocations=3 (full 1):
 def new generation   total 39424K, used 35072K [0x05400000, 0x07ec0000, 0x0fea0000)
  eden space 35072K, 100% used [0x05400000, 0x07640000, 0x07640000)
  from space 4352K,   0% used [0x07640000, 0x07640000, 0x07a80000)
  to   space 4352K,   0% used [0x07a80000, 0x07a80000, 0x07ec0000)
 tenured generation   total 87424K, used 14821K [0x0fea0000, 0x15400000, 0x25400000)
   the space 87424K,  16% used [0x0fea0000, 0x10d194a0, 0x10d19600, 0x15400000)
 Metaspace       used 16867K, capacity 17278K, committed 17408K, reserved 17792K
Event: 9.972 GC heap after
Heap after GC invocations=4 (full 1):
 def new generation   total 39424K, used 4352K [0x05400000, 0x07ec0000, 0x0fea0000)
  eden space 35072K,   0% used [0x05400000, 0x05400000, 0x07640000)
  from space 4352K, 100% used [0x07a80000, 0x07ec0000, 0x07ec0000)
  to   space 4352K,   0% used [0x07640000, 0x07640000, 0x07a80000)
 tenured generation   total 87424K, used 16911K [0x0fea0000, 0x15400000, 0x25400000)
   the space 87424K,  19% used [0x0fea0000, 0x10f23df8, 0x10f23e00, 0x15400000)
 Metaspace       used 16867K, capacity 17278K, committed 17408K, reserved 17792K
}
Event: 26.358 GC heap before
{Heap before GC invocations=4 (full 1):
 def new generation   total 39424K, used 39424K [0x05400000, 0x07ec0000, 0x0fea0000)
  eden space 35072K, 100% used [0x05400000, 0x07640000, 0x07640000)
  from space 4352K, 100% used [0x07a80000, 0x07ec0000, 0x07ec0000)
  to   space 4352K,   0% used [0x07640000, 0x07640000, 0x07a80000)
 tenured generation   total 87424K, used 16911K [0x0fea0000, 0x15400000, 0x25400000)
   the space 87424K,  19% used [0x0fea0000, 0x10f23df8, 0x10f23e00, 0x15400000)
 Metaspace       used 18008K, capacity 18451K, committed 18560K, reserved 18816K
Event: 26.409 GC heap after
Heap after GC invocations=5 (full 1):
 def new generation   total 39424K, used 4352K [0x05400000, 0x07ec0000, 0x0fea0000)
  eden space 35072K,   0% used [0x05400000, 0x05400000, 0x07640000)
  from space 4352K, 100% used [0x07640000, 0x07a80000, 0x07a80000)
  to   space 4352K,   0% used [0x07a80000, 0x07a80000, 0x07ec0000)
 tenured generation   total 87424K, used 26292K [0x0fea0000, 0x15400000, 0x25400000)
   the space 87424K,  30% used [0x0fea0000, 0x1184d280, 0x1184d400, 0x15400000)
 Metaspace       used 18008K, capacity 18451K, committed 18560K, reserved 18816K
}
Event: 76.081 GC heap before
{Heap before GC invocations=5 (full 1):
 def new generation   total 39424K, used 39424K [0x05400000, 0x07ec0000, 0x0fea0000)
  eden space 35072K, 100% used [0x05400000, 0x07640000, 0x07640000)
  from space 4352K, 100% used [0x07640000, 0x07a80000, 0x07a80000)
  to   space 4352K,   0% used [0x07a80000, 0x07a80000, 0x07ec0000)
 tenured generation   total 87424K, used 26292K [0x0fea0000, 0x15400000, 0x25400000)
   the space 87424K,  30% used [0x0fea0000, 0x1184d280, 0x1184d400, 0x15400000)
 Metaspace       used 18594K, capacity 19049K, committed 19072K, reserved 19840K
Event: 76.104 GC heap after
Heap after GC invocations=6 (full 1):
 def new generation   total 39424K, used 2410K [0x05400000, 0x07ec0000, 0x0fea0000)
  eden space 35072K,   0% used [0x05400000, 0x05400000, 0x07640000)
  from space 4352K,  55% used [0x07a80000, 0x07cda848, 0x07ec0000)
  to   space 4352K,   0% used [0x07640000, 0x07640000, 0x07a80000)
 tenured generation   total 87424K, used 30121K [0x0fea0000, 0x15400000, 0x25400000)
   the space 87424K,  34% used [0x0fea0000, 0x11c0a748, 0x11c0a800, 0x15400000)
 Metaspace       used 18594K, capacity 19049K, committed 19072K, reserved 19840K
}
Event: 163.932 GC heap before
{Heap before GC invocations=6 (full 1):
 def new generation   total 39424K, used 37482K [0x05400000, 0x07ec0000, 0x0fea0000)
  eden space 35072K, 100% used [0x05400000, 0x07640000, 0x07640000)
  from space 4352K,  55% used [0x07a80000, 0x07cda848, 0x07ec0000)
  to   space 4352K,   0% used [0x07640000, 0x07640000, 0x07a80000)
 tenured generation   total 87424K, used 30121K [0x0fea0000, 0x15400000, 0x25400000)
   the space 87424K,  34% used [0x0fea0000, 0x11c0a748, 0x11c0a800, 0x15400000)
 Metaspace       used 18601K, capacity 19081K, committed 19200K, reserved 19840K
Event: 163.952 GC heap after
Heap after GC invocations=7 (full 1):
 def new generation   total 39424K, used 836K [0x05400000, 0x07ec0000, 0x0fea0000)
  eden space 35072K,   0% used [0x05400000, 0x05400000, 0x07640000)
  from space 4352K,  19% used [0x07640000, 0x077110c8, 0x07a80000)
  to   space 4352K,   0% used [0x07a80000, 0x07a80000, 0x07ec0000)
 tenured generation   total 87424K, used 31627K [0x0fea0000, 0x15400000, 0x25400000)
   the space 87424K,  36% used [0x0fea0000, 0x11d82f00, 0x11d83000, 0x15400000)
 Metaspace       used 18601K, capacity 19081K, committed 19200K, reserved 19840K
}

