# JRE version: Java(TM) SE Runtime Environment (8.0_92-b14) (build 1.8.0_92-b14)
# Java VM: Java HotSpot(TM) Client VM (25.92-b14 mixed mode windows-x86 )
Heap:
 def new generation   total 39424K, used 30349K [0x04600000, 0x070c0000, 0x0f0a0000)
  eden space 35072K,  74% used [0x04600000, 0x05f74558, 0x06840000)
  from space 4352K,  98% used [0x06840000, 0x06c6f190, 0x06c80000)
  to   space 4352K,   0% used [0x06c80000, 0x06c80000, 0x070c0000)
 tenured generation   total 87424K, used 32804K [0x0f0a0000, 0x14600000, 0x24600000)
   the space 87424K,  37% used [0x0f0a0000, 0x110a9170, 0x110a9200, 0x14600000)
 Metaspace       used 18906K, capacity 19347K, committed 19456K, reserved 19840K
GC Heap History (10 events):
Event: 553.968 GC heap before
{Heap before GC invocations=6 (full 1):
 def new generation   total 39424K, used 37014K [0x04600000, 0x070c0000, 0x0f0a0000)
  eden space 35072K, 100% used [0x04600000, 0x06840000, 0x06840000)
  from space 4352K,  44% used [0x06c80000, 0x06e65818, 0x070c0000)
  to   space 4352K,   0% used [0x06840000, 0x06840000, 0x06c80000)
 tenured generation   total 87424K, used 31335K [0x0f0a0000, 0x14600000, 0x24600000)
   the space 87424K,  35% used [0x0f0a0000, 0x10f39df0, 0x10f39e00, 0x14600000)
 Metaspace       used 18446K, capacity 18897K, committed 18944K, reserved 19840K
Event: 553.981 GC heap after
Heap after GC invocations=7 (full 1):
 def new generation   total 39424K, used 2408K [0x04600000, 0x070c0000, 0x0f0a0000)
  eden space 35072K,   0% used [0x04600000, 0x04600000, 0x06840000)
  from space 4352K,  55% used [0x06840000, 0x06a9a090, 0x06c80000)
  to   space 4352K,   0% used [0x06c80000, 0x06c80000, 0x070c0000)
 tenured generation   total 87424K, used 31335K [0x0f0a0000, 0x14600000, 0x24600000)
   the space 87424K,  35% used [0x0f0a0000, 0x10f39df0, 0x10f39e00, 0x14600000)
 Metaspace       used 18446K, capacity 18897K, committed 18944K, reserved 19840K
}
Event: 735.155 GC heap before
{Heap before GC invocations=7 (full 1):
 def new generation   total 39424K, used 37484K [0x04600000, 0x070c0000, 0x0f0a0000)
  eden space 35072K, 100% used [0x04600000, 0x06840000, 0x06840000)
  from space 4352K,  55% used [0x06840000, 0x06a9b228, 0x06c80000)
  to   space 4352K,   0% used [0x06c80000, 0x06c80000, 0x070c0000)
 tenured generation   total 87424K, used 31335K [0x0f0a0000, 0x14600000, 0x24600000)
   the space 87424K,  35% used [0x0f0a0000, 0x10f39df0, 0x10f39e00, 0x14600000)
 Metaspace       used 18447K, capacity 18897K, committed 18944K, reserved 19840K
Event: 735.173 GC heap after
Heap after GC invocations=8 (full 1):
 def new generation   total 39424K, used 1040K [0x04600000, 0x070c0000, 0x0f0a0000)
  eden space 35072K,   0% used [0x04600000, 0x04600000, 0x06840000)
  from space 4352K,  23% used [0x06c80000, 0x06d842a8, 0x070c0000)
  to   space 4352K,   0% used [0x06840000, 0x06840000, 0x06c80000)
 tenured generation   total 87424K, used 32804K [0x0f0a0000, 0x14600000, 0x24600000)
   the space 87424K,  37% used [0x0f0a0000, 0x110a9170, 0x110a9200, 0x14600000)
 Metaspace       used 18447K, capacity 18897K, committed 18944K, reserved 19840K
}
Event: 1844.357 GC heap before
{Heap before GC invocations=8 (full 1):
 def new generation   total 39424K, used 36112K [0x04600000, 0x070c0000, 0x0f0a0000)
  eden space 35072K, 100% used [0x04600000, 0x06840000, 0x06840000)
  from space 4352K,  23% used [0x06c80000, 0x06d842a8, 0x070c0000)
  to   space 4352K,   0% used [0x06840000, 0x06840000, 0x06c80000)
 tenured generation   total 87424K, used 32804K [0x0f0a0000, 0x14600000, 0x24600000)
   the space 87424K,  37% used [0x0f0a0000, 0x110a9170, 0x110a9200, 0x14600000)
 Metaspace       used 18466K, capacity 18929K, committed 18944K, reserved 19840K
Event: 1844.365 GC heap after
Heap after GC invocations=9 (full 1):
 def new generation   total 39424K, used 1217K [0x04600000, 0x070c0000, 0x0f0a0000)
  eden space 35072K,   0% used [0x04600000, 0x04600000, 0x06840000)
  from space 4352K,  27% used [0x06840000, 0x06970400, 0x06c80000)
  to   space 4352K,   0% used [0x06c80000, 0x06c80000, 0x070c0000)
 tenured generation   total 87424K, used 32804K [0x0f0a0000, 0x14600000, 0x24600000)
   the space 87424K,  37% used [0x0f0a0000, 0x110a9170, 0x110a9200, 0x14600000)
 Metaspace       used 18466K, capacity 18929K, committed 18944K, reserved 19840K
}
Event: 1986.935 GC heap before
{Heap before GC invocations=9 (full 1):
 def new generation   total 39424K, used 36289K [0x04600000, 0x070c0000, 0x0f0a0000)
  eden space 35072K, 100% used [0x04600000, 0x06840000, 0x06840000)
  from space 4352K,  27% used [0x06840000, 0x06970400, 0x06c80000)
  to   space 4352K,   0% used [0x06c80000, 0x06c80000, 0x070c0000)
 tenured generation   total 87424K, used 32804K [0x0f0a0000, 0x14600000, 0x24600000)
   the space 87424K,  37% used [0x0f0a0000, 0x110a9170, 0x110a9200, 0x14600000)
 Metaspace       used 18620K, capacity 19089K, committed 19200K, reserved 19840K
Event: 1986.947 GC heap after
Heap after GC invocations=10 (full 1):
 def new generation   total 39424K, used 1335K [0x04600000, 0x070c0000, 0x0f0a0000)
  eden space 35072K,   0% used [0x04600000, 0x04600000, 0x06840000)
  from space 4352K,  30% used [0x06c80000, 0x06dcdc98, 0x070c0000)
  to   space 4352K,   0% used [0x06840000, 0x06840000, 0x06c80000)
 tenured generation   total 87424K, used 32804K [0x0f0a0000, 0x14600000, 0x24600000)
   the space 87424K,  37% used [0x0f0a0000, 0x110a9170, 0x110a9200, 0x14600000)
 Metaspace       used 18620K, capacity 19089K, committed 19200K, reserved 19840K
}
Event: 2222.352 GC heap before
{Heap before GC invocations=10 (full 1):
 def new generation   total 39424K, used 36407K [0x04600000, 0x070c0000, 0x0f0a0000)
  eden space 35072K, 100% used [0x04600000, 0x06840000, 0x06840000)
  from space 4352K,  30% used [0x06c80000, 0x06dcdc98, 0x070c0000)
  to   space 4352K,   0% used [0x06840000, 0x06840000, 0x06c80000)
 tenured generation   total 87424K, used 32804K [0x0f0a0000, 0x14600000, 0x24600000)
   the space 87424K,  37% used [0x0f0a0000, 0x110a9170, 0x110a9200, 0x14600000)
 Metaspace       used 18896K, capacity 19345K, committed 19456K, reserved 19840K
Event: 2222.364 GC heap after
Heap after GC invocations=11 (full 1):
 def new generation   total 39424K, used 4284K [0x04600000, 0x070c0000, 0x0f0a0000)
  eden space 35072K,   0% used [0x04600000, 0x04600000, 0x06840000)
  from space 4352K,  98% used [0x06840000, 0x06c6f190, 0x06c80000)
  to   space 4352K,   0% used [0x06c80000, 0x06c80000, 0x070c0000)
 tenured generation   total 87424K, used 32804K [0x0f0a0000, 0x14600000, 0x24600000)
   the space 87424K,  37% used [0x0f0a0000, 0x110a9170, 0x110a9200, 0x14600000)
 Metaspace       used 18896K, capacity 19345K, committed 19456K, reserved 19840K
}

