# JRE version: Java(TM) SE Runtime Environment (8.0_92-b14) (build 1.8.0_92-b14)
# Java VM: Java HotSpot(TM) Client VM (25.92-b14 mixed mode windows-x86 )
Heap:
 def new generation   total 39424K, used 6284K [0x05000000, 0x07ac0000, 0x0faa0000)
  eden space 35072K,  15% used [0x05000000, 0x05549c30, 0x07240000)
  from space 4352K,  19% used [0x07240000, 0x073197b8, 0x07680000)
  to   space 4352K,   0% used [0x07680000, 0x07680000, 0x07ac0000)
 tenured generation   total 87424K, used 33632K [0x0faa0000, 0x15000000, 0x25000000)
   the space 87424K,  38% used [0x0faa0000, 0x11b78270, 0x11b78400, 0x15000000)
 Metaspace       used 18642K, capacity 19128K, committed 19200K, reserved 19840K
GC Heap History (10 events):
Event: 11647.180 GC heap before
{Heap before GC invocations=16 (full 1):
 def new generation   total 39424K, used 35698K [0x05000000, 0x07ac0000, 0x0faa0000)
  eden space 35072K, 100% used [0x05000000, 0x07240000, 0x07240000)
  from space 4352K,  14% used [0x07680000, 0x0771cb10, 0x07ac0000)
  to   space 4352K,   0% used [0x07240000, 0x07240000, 0x07680000)
 tenured generation   total 87424K, used 33632K [0x0faa0000, 0x15000000, 0x25000000)
   the space 87424K,  38% used [0x0faa0000, 0x11b78270, 0x11b78400, 0x15000000)
 Metaspace       used 18618K, capacity 19091K, committed 19200K, reserved 19840K
Event: 11647.185 GC heap after
Heap after GC invocations=17 (full 1):
 def new generation   total 39424K, used 627K [0x05000000, 0x07ac0000, 0x0faa0000)
  eden space 35072K,   0% used [0x05000000, 0x05000000, 0x07240000)
  from space 4352K,  14% used [0x07240000, 0x072dccc8, 0x07680000)
  to   space 4352K,   0% used [0x07680000, 0x07680000, 0x07ac0000)
 tenured generation   total 87424K, used 33632K [0x0faa0000, 0x15000000, 0x25000000)
   the space 87424K,  38% used [0x0faa0000, 0x11b78270, 0x11b78400, 0x15000000)
 Metaspace       used 18618K, capacity 19091K, committed 19200K, reserved 19840K
}
Event: 14236.359 GC heap before
{Heap before GC invocations=17 (full 1):
 def new generation   total 39424K, used 35699K [0x05000000, 0x07ac0000, 0x0faa0000)
  eden space 35072K, 100% used [0x05000000, 0x07240000, 0x07240000)
  from space 4352K,  14% used [0x07240000, 0x072dccc8, 0x07680000)
  to   space 4352K,   0% used [0x07680000, 0x07680000, 0x07ac0000)
 tenured generation   total 87424K, used 33632K [0x0faa0000, 0x15000000, 0x25000000)
   the space 87424K,  38% used [0x0faa0000, 0x11b78270, 0x11b78400, 0x15000000)
 Metaspace       used 18618K, capacity 19091K, committed 19200K, reserved 19840K
Event: 14236.362 GC heap after
Heap after GC invocations=18 (full 1):
 def new generation   total 39424K, used 627K [0x05000000, 0x07ac0000, 0x0faa0000)
  eden space 35072K,   0% used [0x05000000, 0x05000000, 0x07240000)
  from space 4352K,  14% used [0x07680000, 0x0771cde0, 0x07ac0000)
  to   space 4352K,   0% used [0x07240000, 0x07240000, 0x07680000)
 tenured generation   total 87424K, used 33632K [0x0faa0000, 0x15000000, 0x25000000)
   the space 87424K,  38% used [0x0faa0000, 0x11b78270, 0x11b78400, 0x15000000)
 Metaspace       used 18618K, capacity 19091K, committed 19200K, reserved 19840K
}
Event: 17376.039 GC heap before
{Heap before GC invocations=18 (full 1):
 def new generation   total 39424K, used 35699K [0x05000000, 0x07ac0000, 0x0faa0000)
  eden space 35072K, 100% used [0x05000000, 0x07240000, 0x07240000)
  from space 4352K,  14% used [0x07680000, 0x0771cde0, 0x07ac0000)
  to   space 4352K,   0% used [0x07240000, 0x07240000, 0x07680000)
 tenured generation   total 87424K, used 33632K [0x0faa0000, 0x15000000, 0x25000000)
   the space 87424K,  38% used [0x0faa0000, 0x11b78270, 0x11b78400, 0x15000000)
 Metaspace       used 18618K, capacity 19091K, committed 19200K, reserved 19840K
Event: 17376.043 GC heap after
Heap after GC invocations=19 (full 1):
 def new generation   total 39424K, used 633K [0x05000000, 0x07ac0000, 0x0faa0000)
  eden space 35072K,   0% used [0x05000000, 0x05000000, 0x07240000)
  from space 4352K,  14% used [0x07240000, 0x072de628, 0x07680000)
  to   space 4352K,   0% used [0x07680000, 0x07680000, 0x07ac0000)
 tenured generation   total 87424K, used 33632K [0x0faa0000, 0x15000000, 0x25000000)
   the space 87424K,  38% used [0x0faa0000, 0x11b78270, 0x11b78400, 0x15000000)
 Metaspace       used 18618K, capacity 19091K, committed 19200K, reserved 19840K
}
Event: 19728.964 GC heap before
{Heap before GC invocations=19 (full 1):
 def new generation   total 39424K, used 35705K [0x05000000, 0x07ac0000, 0x0faa0000)
  eden space 35072K, 100% used [0x05000000, 0x07240000, 0x07240000)
  from space 4352K,  14% used [0x07240000, 0x072de628, 0x07680000)
  to   space 4352K,   0% used [0x07680000, 0x07680000, 0x07ac0000)
 tenured generation   total 87424K, used 33632K [0x0faa0000, 0x15000000, 0x25000000)
   the space 87424K,  38% used [0x0faa0000, 0x11b78270, 0x11b78400, 0x15000000)
 Metaspace       used 18619K, capacity 19091K, committed 19200K, reserved 19840K
Event: 19728.970 GC heap after
Heap after GC invocations=20 (full 1):
 def new generation   total 39424K, used 631K [0x05000000, 0x07ac0000, 0x0faa0000)
  eden space 35072K,   0% used [0x05000000, 0x05000000, 0x07240000)
  from space 4352K,  14% used [0x07680000, 0x0771df58, 0x07ac0000)
  to   space 4352K,   0% used [0x07240000, 0x07240000, 0x07680000)
 tenured generation   total 87424K, used 33632K [0x0faa0000, 0x15000000, 0x25000000)
   the space 87424K,  38% used [0x0faa0000, 0x11b78270, 0x11b78400, 0x15000000)
 Metaspace       used 18619K, capacity 19091K, committed 19200K, reserved 19840K
}
Event: 43331.663 GC heap before
{Heap before GC invocations=20 (full 1):
 def new generation   total 39424K, used 35703K [0x05000000, 0x07ac0000, 0x0faa0000)
  eden space 35072K, 100% used [0x05000000, 0x07240000, 0x07240000)
  from space 4352K,  14% used [0x07680000, 0x0771df58, 0x07ac0000)
  to   space 4352K,   0% used [0x07240000, 0x07240000, 0x07680000)
 tenured generation   total 87424K, used 33632K [0x0faa0000, 0x15000000, 0x25000000)
   the space 87424K,  38% used [0x0faa0000, 0x11b78270, 0x11b78400, 0x15000000)
 Metaspace       used 18642K, capacity 19128K, committed 19200K, reserved 19840K
Event: 43331.675 GC heap after
Heap after GC invocations=21 (full 1):
 def new generation   total 39424K, used 869K [0x05000000, 0x07ac0000, 0x0faa0000)
  eden space 35072K,   0% used [0x05000000, 0x05000000, 0x07240000)
  from space 4352K,  19% used [0x07240000, 0x073197b8, 0x07680000)
  to   space 4352K,   0% used [0x07680000, 0x07680000, 0x07ac0000)
 tenured generation   total 87424K, used 33632K [0x0faa0000, 0x15000000, 0x25000000)
   the space 87424K,  38% used [0x0faa0000, 0x11b78270, 0x11b78400, 0x15000000)
 Metaspace       used 18642K, capacity 19128K, committed 19200K, reserved 19840K
}

