# JRE version: Java(TM) SE Runtime Environment (8.0_92-b14) (build 1.8.0_92-b14)
# Java VM: Java HotSpot(TM) Client VM (25.92-b14 mixed mode windows-x86 )
Heap:
 def new generation   total 39424K, used 16789K [0x05600000, 0x080c0000, 0x100a0000)
  eden space 35072K,  42% used [0x05600000, 0x064a3e10, 0x07840000)
  from space 4352K,  41% used [0x07840000, 0x07a016f8, 0x07c80000)
  to   space 4352K,   0% used [0x07c80000, 0x07c80000, 0x080c0000)
 tenured generation   total 87424K, used 52675K [0x100a0000, 0x15600000, 0x25600000)
   the space 87424K,  60% used [0x100a0000, 0x13410d68, 0x13410e00, 0x15600000)
 Metaspace       used 19666K, capacity 20308K, committed 20352K, reserved 20864K
GC Heap History (10 events):
Event: 1186.174 GC heap before
{Heap before GC invocations=24 (full 1):
 def new generation   total 39424K, used 38851K [0x05600000, 0x080c0000, 0x100a0000)
  eden space 35072K, 100% used [0x05600000, 0x07840000, 0x07840000)
  from space 4352K,  86% used [0x07c80000, 0x08030f88, 0x080c0000)
  to   space 4352K,   0% used [0x07840000, 0x07840000, 0x07c80000)
 tenured generation   total 87424K, used 42050K [0x100a0000, 0x15600000, 0x25600000)
   the space 87424K,  48% used [0x100a0000, 0x129b0ae0, 0x129b0c00, 0x15600000)
 Metaspace       used 19641K, capacity 20276K, committed 20352K, reserved 20864K
Event: 1186.201 GC heap after
Heap after GC invocations=25 (full 1):
 def new generation   total 39424K, used 1347K [0x05600000, 0x080c0000, 0x100a0000)
  eden space 35072K,   0% used [0x05600000, 0x05600000, 0x07840000)
  from space 4352K,  30% used [0x07840000, 0x07990f20, 0x07c80000)
  to   space 4352K,   0% used [0x07c80000, 0x07c80000, 0x080c0000)
 tenured generation   total 87424K, used 52675K [0x100a0000, 0x15600000, 0x25600000)
   the space 87424K,  60% used [0x100a0000, 0x13410d68, 0x13410e00, 0x15600000)
 Metaspace       used 19641K, capacity 20276K, committed 20352K, reserved 20864K
}
Event: 1274.189 GC heap before
{Heap before GC invocations=25 (full 1):
 def new generation   total 39424K, used 36419K [0x05600000, 0x080c0000, 0x100a0000)
  eden space 35072K, 100% used [0x05600000, 0x07840000, 0x07840000)
  from space 4352K,  30% used [0x07840000, 0x07990f20, 0x07c80000)
  to   space 4352K,   0% used [0x07c80000, 0x07c80000, 0x080c0000)
 tenured generation   total 87424K, used 52675K [0x100a0000, 0x15600000, 0x25600000)
   the space 87424K,  60% used [0x100a0000, 0x13410d68, 0x13410e00, 0x15600000)
 Metaspace       used 19666K, capacity 20308K, committed 20352K, reserved 20864K
Event: 1274.194 GC heap after
Heap after GC invocations=26 (full 1):
 def new generation   total 39424K, used 1428K [0x05600000, 0x080c0000, 0x100a0000)
  eden space 35072K,   0% used [0x05600000, 0x05600000, 0x07840000)
  from space 4352K,  32% used [0x07c80000, 0x07de5080, 0x080c0000)
  to   space 4352K,   0% used [0x07840000, 0x07840000, 0x07c80000)
 tenured generation   total 87424K, used 52675K [0x100a0000, 0x15600000, 0x25600000)
   the space 87424K,  60% used [0x100a0000, 0x13410d68, 0x13410e00, 0x15600000)
 Metaspace       used 19666K, capacity 20308K, committed 20352K, reserved 20864K
}
Event: 1281.920 GC heap before
{Heap before GC invocations=26 (full 1):
 def new generation   total 39424K, used 36500K [0x05600000, 0x080c0000, 0x100a0000)
  eden space 35072K, 100% used [0x05600000, 0x07840000, 0x07840000)
  from space 4352K,  32% used [0x07c80000, 0x07de5080, 0x080c0000)
  to   space 4352K,   0% used [0x07840000, 0x07840000, 0x07c80000)
 tenured generation   total 87424K, used 52675K [0x100a0000, 0x15600000, 0x25600000)
   the space 87424K,  60% used [0x100a0000, 0x13410d68, 0x13410e00, 0x15600000)
 Metaspace       used 19666K, capacity 20308K, committed 20352K, reserved 20864K
Event: 1281.923 GC heap after
Heap after GC invocations=27 (full 1):
 def new generation   total 39424K, used 1399K [0x05600000, 0x080c0000, 0x100a0000)
  eden space 35072K,   0% used [0x05600000, 0x05600000, 0x07840000)
  from space 4352K,  32% used [0x07840000, 0x0799dda0, 0x07c80000)
  to   space 4352K,   0% used [0x07c80000, 0x07c80000, 0x080c0000)
 tenured generation   total 87424K, used 52675K [0x100a0000, 0x15600000, 0x25600000)
   the space 87424K,  60% used [0x100a0000, 0x13410d68, 0x13410e00, 0x15600000)
 Metaspace       used 19666K, capacity 20308K, committed 20352K, reserved 20864K
}
Event: 1343.314 GC heap before
{Heap before GC invocations=27 (full 1):
 def new generation   total 39424K, used 36471K [0x05600000, 0x080c0000, 0x100a0000)
  eden space 35072K, 100% used [0x05600000, 0x07840000, 0x07840000)
  from space 4352K,  32% used [0x07840000, 0x0799dda0, 0x07c80000)
  to   space 4352K,   0% used [0x07c80000, 0x07c80000, 0x080c0000)
 tenured generation   total 87424K, used 52675K [0x100a0000, 0x15600000, 0x25600000)
   the space 87424K,  60% used [0x100a0000, 0x13410d68, 0x13410e00, 0x15600000)
 Metaspace       used 19666K, capacity 20308K, committed 20352K, reserved 20864K
Event: 1343.322 GC heap after
Heap after GC invocations=28 (full 1):
 def new generation   total 39424K, used 1360K [0x05600000, 0x080c0000, 0x100a0000)
  eden space 35072K,   0% used [0x05600000, 0x05600000, 0x07840000)
  from space 4352K,  31% used [0x07c80000, 0x07dd42f8, 0x080c0000)
  to   space 4352K,   0% used [0x07840000, 0x07840000, 0x07c80000)
 tenured generation   total 87424K, used 52675K [0x100a0000, 0x15600000, 0x25600000)
   the space 87424K,  60% used [0x100a0000, 0x13410d68, 0x13410e00, 0x15600000)
 Metaspace       used 19666K, capacity 20308K, committed 20352K, reserved 20864K
}
Event: 1480.940 GC heap before
{Heap before GC invocations=28 (full 1):
 def new generation   total 39424K, used 36432K [0x05600000, 0x080c0000, 0x100a0000)
  eden space 35072K, 100% used [0x05600000, 0x07840000, 0x07840000)
  from space 4352K,  31% used [0x07c80000, 0x07dd4328, 0x080c0000)
  to   space 4352K,   0% used [0x07840000, 0x07840000, 0x07c80000)
 tenured generation   total 87424K, used 52675K [0x100a0000, 0x15600000, 0x25600000)
   the space 87424K,  60% used [0x100a0000, 0x13410d68, 0x13410e00, 0x15600000)
 Metaspace       used 19666K, capacity 20308K, committed 20352K, reserved 20864K
Event: 1480.947 GC heap after
Heap after GC invocations=29 (full 1):
 def new generation   total 39424K, used 1797K [0x05600000, 0x080c0000, 0x100a0000)
  eden space 35072K,   0% used [0x05600000, 0x05600000, 0x07840000)
  from space 4352K,  41% used [0x07840000, 0x07a016f8, 0x07c80000)
  to   space 4352K,   0% used [0x07c80000, 0x07c80000, 0x080c0000)
 tenured generation   total 87424K, used 52675K [0x100a0000, 0x15600000, 0x25600000)
   the space 87424K,  60% used [0x100a0000, 0x13410d68, 0x13410e00, 0x15600000)
 Metaspace       used 19666K, capacity 20308K, committed 20352K, reserved 20864K
}

