# JRE version: Java(TM) SE Runtime Environment (8.0_92-b14) (build 1.8.0_92-b14)
# Java VM: Java HotSpot(TM) Client VM (25.92-b14 mixed mode windows-x86 )
Heap:
 def new generation   total 39424K, used 4947K [0x04800000, 0x072c0000, 0x0f2a0000)
  eden space 35072K,  10% used [0x04800000, 0x04b9baf8, 0x06a40000)
  from space 4352K,  28% used [0x06a40000, 0x06b79450, 0x06e80000)
  to   space 4352K,   0% used [0x06e80000, 0x06e80000, 0x072c0000)
 tenured generation   total 87424K, used 46444K [0x0f2a0000, 0x14800000, 0x24800000)
   the space 87424K,  53% used [0x0f2a0000, 0x11ffb060, 0x11ffb200, 0x14800000)
 Metaspace       used 19155K, capacity 19638K, committed 19712K, reserved 19840K
GC Heap History (10 events):
Event: 14567.860 GC heap before
{Heap before GC invocations=132 (full 1):
 def new generation   total 39424K, used 36315K [0x04800000, 0x072c0000, 0x0f2a0000)
  eden space 35072K, 100% used [0x04800000, 0x06a40000, 0x06a40000)
  from space 4352K,  28% used [0x06e80000, 0x06fb6d08, 0x072c0000)
  to   space 4352K,   0% used [0x06a40000, 0x06a40000, 0x06e80000)
 tenured generation   total 87424K, used 46433K [0x0f2a0000, 0x14800000, 0x24800000)
   the space 87424K,  53% used [0x0f2a0000, 0x11ff8750, 0x11ff8800, 0x14800000)
 Metaspace       used 19155K, capacity 19638K, committed 19712K, reserved 19840K
Event: 14567.871 GC heap after
Heap after GC invocations=133 (full 1):
 def new generation   total 39424K, used 1210K [0x04800000, 0x072c0000, 0x0f2a0000)
  eden space 35072K,   0% used [0x04800000, 0x04800000, 0x06a40000)
  from space 4352K,  27% used [0x06a40000, 0x06b6e908, 0x06e80000)
  to   space 4352K,   0% used [0x06e80000, 0x06e80000, 0x072c0000)
 tenured generation   total 87424K, used 46436K [0x0f2a0000, 0x14800000, 0x24800000)
   the space 87424K,  53% used [0x0f2a0000, 0x11ff92b8, 0x11ff9400, 0x14800000)
 Metaspace       used 19155K, capacity 19638K, committed 19712K, reserved 19840K
}
Event: 14662.346 GC heap before
{Heap before GC invocations=133 (full 1):
 def new generation   total 39424K, used 36282K [0x04800000, 0x072c0000, 0x0f2a0000)
  eden space 35072K, 100% used [0x04800000, 0x06a40000, 0x06a40000)
  from space 4352K,  27% used [0x06a40000, 0x06b6e908, 0x06e80000)
  to   space 4352K,   0% used [0x06e80000, 0x06e80000, 0x072c0000)
 tenured generation   total 87424K, used 46436K [0x0f2a0000, 0x14800000, 0x24800000)
   the space 87424K,  53% used [0x0f2a0000, 0x11ff92b8, 0x11ff9400, 0x14800000)
 Metaspace       used 19155K, capacity 19638K, committed 19712K, reserved 19840K
Event: 14662.354 GC heap after
Heap after GC invocations=134 (full 1):
 def new generation   total 39424K, used 1013K [0x04800000, 0x072c0000, 0x0f2a0000)
  eden space 35072K,   0% used [0x04800000, 0x04800000, 0x06a40000)
  from space 4352K,  23% used [0x06e80000, 0x06f7d7e0, 0x072c0000)
  to   space 4352K,   0% used [0x06a40000, 0x06a40000, 0x06e80000)
 tenured generation   total 87424K, used 46437K [0x0f2a0000, 0x14800000, 0x24800000)
   the space 87424K,  53% used [0x0f2a0000, 0x11ff96f8, 0x11ff9800, 0x14800000)
 Metaspace       used 19155K, capacity 19638K, committed 19712K, reserved 19840K
}
Event: 14706.444 GC heap before
{Heap before GC invocations=134 (full 1):
 def new generation   total 39424K, used 36085K [0x04800000, 0x072c0000, 0x0f2a0000)
  eden space 35072K, 100% used [0x04800000, 0x06a40000, 0x06a40000)
  from space 4352K,  23% used [0x06e80000, 0x06f7d7e0, 0x072c0000)
  to   space 4352K,   0% used [0x06a40000, 0x06a40000, 0x06e80000)
 tenured generation   total 87424K, used 46437K [0x0f2a0000, 0x14800000, 0x24800000)
   the space 87424K,  53% used [0x0f2a0000, 0x11ff96f8, 0x11ff9800, 0x14800000)
 Metaspace       used 19155K, capacity 19638K, committed 19712K, reserved 19840K
Event: 14706.457 GC heap after
Heap after GC invocations=135 (full 1):
 def new generation   total 39424K, used 1292K [0x04800000, 0x072c0000, 0x0f2a0000)
  eden space 35072K,   0% used [0x04800000, 0x04800000, 0x06a40000)
  from space 4352K,  29% used [0x06a40000, 0x06b830e8, 0x06e80000)
  to   space 4352K,   0% used [0x06e80000, 0x06e80000, 0x072c0000)
 tenured generation   total 87424K, used 46441K [0x0f2a0000, 0x14800000, 0x24800000)
   the space 87424K,  53% used [0x0f2a0000, 0x11ffa730, 0x11ffa800, 0x14800000)
 Metaspace       used 19155K, capacity 19638K, committed 19712K, reserved 19840K
}
Event: 14786.729 GC heap before
{Heap before GC invocations=135 (full 1):
 def new generation   total 39424K, used 36364K [0x04800000, 0x072c0000, 0x0f2a0000)
  eden space 35072K, 100% used [0x04800000, 0x06a40000, 0x06a40000)
  from space 4352K,  29% used [0x06a40000, 0x06b830e8, 0x06e80000)
  to   space 4352K,   0% used [0x06e80000, 0x06e80000, 0x072c0000)
 tenured generation   total 87424K, used 46441K [0x0f2a0000, 0x14800000, 0x24800000)
   the space 87424K,  53% used [0x0f2a0000, 0x11ffa730, 0x11ffa800, 0x14800000)
 Metaspace       used 19155K, capacity 19638K, committed 19712K, reserved 19840K
Event: 14786.740 GC heap after
Heap after GC invocations=136 (full 1):
 def new generation   total 39424K, used 1416K [0x04800000, 0x072c0000, 0x0f2a0000)
  eden space 35072K,   0% used [0x04800000, 0x04800000, 0x06a40000)
  from space 4352K,  32% used [0x06e80000, 0x06fe2028, 0x072c0000)
  to   space 4352K,   0% used [0x06a40000, 0x06a40000, 0x06e80000)
 tenured generation   total 87424K, used 46441K [0x0f2a0000, 0x14800000, 0x24800000)
   the space 87424K,  53% used [0x0f2a0000, 0x11ffa790, 0x11ffa800, 0x14800000)
 Metaspace       used 19155K, capacity 19638K, committed 19712K, reserved 19840K
}
Event: 14862.811 GC heap before
{Heap before GC invocations=136 (full 1):
 def new generation   total 39424K, used 36488K [0x04800000, 0x072c0000, 0x0f2a0000)
  eden space 35072K, 100% used [0x04800000, 0x06a40000, 0x06a40000)
  from space 4352K,  32% used [0x06e80000, 0x06fe2028, 0x072c0000)
  to   space 4352K,   0% used [0x06a40000, 0x06a40000, 0x06e80000)
 tenured generation   total 87424K, used 46441K [0x0f2a0000, 0x14800000, 0x24800000)
   the space 87424K,  53% used [0x0f2a0000, 0x11ffa790, 0x11ffa800, 0x14800000)
 Metaspace       used 19155K, capacity 19638K, committed 19712K, reserved 19840K
Event: 14862.820 GC heap after
Heap after GC invocations=137 (full 1):
 def new generation   total 39424K, used 1253K [0x04800000, 0x072c0000, 0x0f2a0000)
  eden space 35072K,   0% used [0x04800000, 0x04800000, 0x06a40000)
  from space 4352K,  28% used [0x06a40000, 0x06b79450, 0x06e80000)
  to   space 4352K,   0% used [0x06e80000, 0x06e80000, 0x072c0000)
 tenured generation   total 87424K, used 46444K [0x0f2a0000, 0x14800000, 0x24800000)
   the space 87424K,  53% used [0x0f2a0000, 0x11ffb060, 0x11ffb200, 0x14800000)
 Metaspace       used 19155K, capacity 19638K, committed 19712K, reserved 19840K
}

