# JRE version: Java(TM) SE Runtime Environment (8.0_92-b14) (build 1.8.0_92-b14)
# Java VM: Java HotSpot(TM) Client VM (25.92-b14 mixed mode windows-x86 )
Heap:
 def new generation   total 39424K, used 26120K [0x04c00000, 0x076c0000, 0x0f6a0000)
  eden space 35072K,  71% used [0x04c00000, 0x06452c48, 0x06e40000)
  from space 4352K,  27% used [0x07280000, 0x073af6a0, 0x076c0000)
  to   space 4352K,   0% used [0x06e40000, 0x06e40000, 0x07280000)
 tenured generation   total 87424K, used 37625K [0x0f6a0000, 0x14c00000, 0x24c00000)
   the space 87424K,  43% used [0x0f6a0000, 0x11b5e7b8, 0x11b5e800, 0x14c00000)
 Metaspace       used 19060K, capacity 19544K, committed 19584K, reserved 19840K
GC Heap History (10 events):
Event: 5973.759 GC heap before
{Heap before GC invocations=37 (full 1):
 def new generation   total 39424K, used 35907K [0x04c00000, 0x076c0000, 0x0f6a0000)
  eden space 35072K, 100% used [0x04c00000, 0x06e40000, 0x06e40000)
  from space 4352K,  19% used [0x06e40000, 0x06f10d70, 0x07280000)
  to   space 4352K,   0% used [0x07280000, 0x07280000, 0x076c0000)
 tenured generation   total 87424K, used 37593K [0x0f6a0000, 0x14c00000, 0x24c00000)
   the space 87424K,  43% used [0x0f6a0000, 0x11b566c8, 0x11b56800, 0x14c00000)
 Metaspace       used 19060K, capacity 19544K, committed 19584K, reserved 19840K
Event: 5973.768 GC heap after
Heap after GC invocations=38 (full 1):
 def new generation   total 39424K, used 967K [0x04c00000, 0x076c0000, 0x0f6a0000)
  eden space 35072K,   0% used [0x04c00000, 0x04c00000, 0x06e40000)
  from space 4352K,  22% used [0x07280000, 0x07371e28, 0x076c0000)
  to   space 4352K,   0% used [0x06e40000, 0x06e40000, 0x07280000)
 tenured generation   total 87424K, used 37593K [0x0f6a0000, 0x14c00000, 0x24c00000)
   the space 87424K,  43% used [0x0f6a0000, 0x11b566c8, 0x11b56800, 0x14c00000)
 Metaspace       used 19060K, capacity 19544K, committed 19584K, reserved 19840K
}
Event: 6087.532 GC heap before
{Heap before GC invocations=38 (full 1):
 def new generation   total 39424K, used 36039K [0x04c00000, 0x076c0000, 0x0f6a0000)
  eden space 35072K, 100% used [0x04c00000, 0x06e40000, 0x06e40000)
  from space 4352K,  22% used [0x07280000, 0x07371e28, 0x076c0000)
  to   space 4352K,   0% used [0x06e40000, 0x06e40000, 0x07280000)
 tenured generation   total 87424K, used 37593K [0x0f6a0000, 0x14c00000, 0x24c00000)
   the space 87424K,  43% used [0x0f6a0000, 0x11b566c8, 0x11b56800, 0x14c00000)
 Metaspace       used 19060K, capacity 19544K, committed 19584K, reserved 19840K
Event: 6087.539 GC heap after
Heap after GC invocations=39 (full 1):
 def new generation   total 39424K, used 1755K [0x04c00000, 0x076c0000, 0x0f6a0000)
  eden space 35072K,   0% used [0x04c00000, 0x04c00000, 0x06e40000)
  from space 4352K,  40% used [0x06e40000, 0x06ff6c80, 0x07280000)
  to   space 4352K,   0% used [0x07280000, 0x07280000, 0x076c0000)
 tenured generation   total 87424K, used 37593K [0x0f6a0000, 0x14c00000, 0x24c00000)
   the space 87424K,  43% used [0x0f6a0000, 0x11b566c8, 0x11b56800, 0x14c00000)
 Metaspace       used 19060K, capacity 19544K, committed 19584K, reserved 19840K
}
Event: 6142.074 GC heap before
{Heap before GC invocations=39 (full 1):
 def new generation   total 39424K, used 36827K [0x04c00000, 0x076c0000, 0x0f6a0000)
  eden space 35072K, 100% used [0x04c00000, 0x06e40000, 0x06e40000)
  from space 4352K,  40% used [0x06e40000, 0x06ff6c80, 0x07280000)
  to   space 4352K,   0% used [0x07280000, 0x07280000, 0x076c0000)
 tenured generation   total 87424K, used 37593K [0x0f6a0000, 0x14c00000, 0x24c00000)
   the space 87424K,  43% used [0x0f6a0000, 0x11b566c8, 0x11b56800, 0x14c00000)
 Metaspace       used 19060K, capacity 19544K, committed 19584K, reserved 19840K
Event: 6142.083 GC heap after
Heap after GC invocations=40 (full 1):
 def new generation   total 39424K, used 1185K [0x04c00000, 0x076c0000, 0x0f6a0000)
  eden space 35072K,   0% used [0x04c00000, 0x04c00000, 0x06e40000)
  from space 4352K,  27% used [0x07280000, 0x073a8670, 0x076c0000)
  to   space 4352K,   0% used [0x06e40000, 0x06e40000, 0x07280000)
 tenured generation   total 87424K, used 37593K [0x0f6a0000, 0x14c00000, 0x24c00000)
   the space 87424K,  43% used [0x0f6a0000, 0x11b566c8, 0x11b56800, 0x14c00000)
 Metaspace       used 19060K, capacity 19544K, committed 19584K, reserved 19840K
}
Event: 6382.124 GC heap before
{Heap before GC invocations=40 (full 1):
 def new generation   total 39424K, used 36257K [0x04c00000, 0x076c0000, 0x0f6a0000)
  eden space 35072K, 100% used [0x04c00000, 0x06e40000, 0x06e40000)
  from space 4352K,  27% used [0x07280000, 0x073a8670, 0x076c0000)
  to   space 4352K,   0% used [0x06e40000, 0x06e40000, 0x07280000)
 tenured generation   total 87424K, used 37593K [0x0f6a0000, 0x14c00000, 0x24c00000)
   the space 87424K,  43% used [0x0f6a0000, 0x11b566c8, 0x11b56800, 0x14c00000)
 Metaspace       used 19060K, capacity 19544K, committed 19584K, reserved 19840K
Event: 6382.132 GC heap after
Heap after GC invocations=41 (full 1):
 def new generation   total 39424K, used 1362K [0x04c00000, 0x076c0000, 0x0f6a0000)
  eden space 35072K,   0% used [0x04c00000, 0x04c00000, 0x06e40000)
  from space 4352K,  31% used [0x06e40000, 0x06f94a10, 0x07280000)
  to   space 4352K,   0% used [0x07280000, 0x07280000, 0x076c0000)
 tenured generation   total 87424K, used 37593K [0x0f6a0000, 0x14c00000, 0x24c00000)
   the space 87424K,  43% used [0x0f6a0000, 0x11b566c8, 0x11b56800, 0x14c00000)
 Metaspace       used 19060K, capacity 19544K, committed 19584K, reserved 19840K
}
Event: 6534.288 GC heap before
{Heap before GC invocations=41 (full 1):
 def new generation   total 39424K, used 36434K [0x04c00000, 0x076c0000, 0x0f6a0000)
  eden space 35072K, 100% used [0x04c00000, 0x06e40000, 0x06e40000)
  from space 4352K,  31% used [0x06e40000, 0x06f94a10, 0x07280000)
  to   space 4352K,   0% used [0x07280000, 0x07280000, 0x076c0000)
 tenured generation   total 87424K, used 37593K [0x0f6a0000, 0x14c00000, 0x24c00000)
   the space 87424K,  43% used [0x0f6a0000, 0x11b566c8, 0x11b56800, 0x14c00000)
 Metaspace       used 19060K, capacity 19544K, committed 19584K, reserved 19840K
Event: 6534.297 GC heap after
Heap after GC invocations=42 (full 1):
 def new generation   total 39424K, used 1213K [0x04c00000, 0x076c0000, 0x0f6a0000)
  eden space 35072K,   0% used [0x04c00000, 0x04c00000, 0x06e40000)
  from space 4352K,  27% used [0x07280000, 0x073af6a0, 0x076c0000)
  to   space 4352K,   0% used [0x06e40000, 0x06e40000, 0x07280000)
 tenured generation   total 87424K, used 37625K [0x0f6a0000, 0x14c00000, 0x24c00000)
   the space 87424K,  43% used [0x0f6a0000, 0x11b5e7b8, 0x11b5e800, 0x14c00000)
 Metaspace       used 19060K, capacity 19544K, committed 19584K, reserved 19840K
}

